CRITICAL - 2021-12-29 01:11:43 --> Class 'phpSerial' not found
#0 C:\xampp\htdocs\MXPacGroup\system\View\View.php(214): include()
#1 C:\xampp\htdocs\MXPacGroup\system\View\View.php(217): CodeIgniter\View\View->CodeIgniter\View\{closure}()
#2 C:\xampp\htdocs\MXPacGroup\system\Common.php(1097): CodeIgniter\View\View->render('NavbarContent/r...', Array, true)
#3 C:\xampp\htdocs\MXPacGroup\app\Controllers\RFID_demo_kit.php(57): view('NavbarContent/r...', Array)
#4 C:\xampp\htdocs\MXPacGroup\system\CodeIgniter.php(824): App\Controllers\RFID_demo_kit->RFID_scan_tag_controller()
#5 C:\xampp\htdocs\MXPacGroup\system\CodeIgniter.php(410): CodeIgniter\CodeIgniter->runController(Object(App\Controllers\RFID_demo_kit))
#6 C:\xampp\htdocs\MXPacGroup\system\CodeIgniter.php(318): CodeIgniter\CodeIgniter->handleRequest(NULL, Object(Config\Cache), false)
#7 C:\xampp\htdocs\MXPacGroup\index.php(37): CodeIgniter\CodeIgniter->run()
#8 {main}
CRITICAL - 2021-12-29 01:12:14 --> CodeIgniter\View\View::main(): Failed opening required 'PhpSerial.php' (include_path='C:\xampp\php\PEAR')
#0 [internal function]: CodeIgniter\Debug\Exceptions->shutdownHandler()
#1 {main}
CRITICAL - 2021-12-29 01:13:04 --> CodeIgniter\View\View::main(): Failed opening required 'includes/PhpSerial.php' (include_path='C:\xampp\php\PEAR')
#0 [internal function]: CodeIgniter\Debug\Exceptions->shutdownHandler()
#1 {main}
CRITICAL - 2021-12-29 01:14:16 --> include(includes/PhpSerial.php): failed to open stream: No such file or directory
#0 C:\xampp\htdocs\MXPacGroup\app\Views\NavbarContent\rfid_scan_tag_view.php(27): CodeIgniter\Debug\Exceptions->errorHandler(2, 'include(include...', 'C:\\xampp\\htdocs...', 27, Array)
#1 C:\xampp\htdocs\MXPacGroup\app\Views\NavbarContent\rfid_scan_tag_view.php(27): include()
#2 C:\xampp\htdocs\MXPacGroup\system\View\View.php(214): include('C:\\xampp\\htdocs...')
#3 C:\xampp\htdocs\MXPacGroup\system\View\View.php(217): CodeIgniter\View\View->CodeIgniter\View\{closure}()
#4 C:\xampp\htdocs\MXPacGroup\system\Common.php(1097): CodeIgniter\View\View->render('NavbarContent/r...', Array, true)
#5 C:\xampp\htdocs\MXPacGroup\app\Controllers\RFID_demo_kit.php(57): view('NavbarContent/r...', Array)
#6 C:\xampp\htdocs\MXPacGroup\system\CodeIgniter.php(824): App\Controllers\RFID_demo_kit->RFID_scan_tag_controller()
#7 C:\xampp\htdocs\MXPacGroup\system\CodeIgniter.php(410): CodeIgniter\CodeIgniter->runController(Object(App\Controllers\RFID_demo_kit))
#8 C:\xampp\htdocs\MXPacGroup\system\CodeIgniter.php(318): CodeIgniter\CodeIgniter->handleRequest(NULL, Object(Config\Cache), false)
#9 C:\xampp\htdocs\MXPacGroup\index.php(37): CodeIgniter\CodeIgniter->run()
#10 {main}
CRITICAL - 2021-12-29 01:15:22 --> include(): http:// wrapper is disabled in the server configuration by allow_url_include=0
#0 C:\xampp\htdocs\MXPacGroup\app\Views\NavbarContent\rfid_scan_tag_view.php(27): CodeIgniter\Debug\Exceptions->errorHandler(2, 'include(): http...', 'C:\\xampp\\htdocs...', 27, Array)
#1 C:\xampp\htdocs\MXPacGroup\app\Views\NavbarContent\rfid_scan_tag_view.php(27): include()
#2 C:\xampp\htdocs\MXPacGroup\system\View\View.php(214): include('C:\\xampp\\htdocs...')
#3 C:\xampp\htdocs\MXPacGroup\system\View\View.php(217): CodeIgniter\View\View->CodeIgniter\View\{closure}()
#4 C:\xampp\htdocs\MXPacGroup\system\Common.php(1097): CodeIgniter\View\View->render('NavbarContent/r...', Array, true)
#5 C:\xampp\htdocs\MXPacGroup\app\Controllers\RFID_demo_kit.php(57): view('NavbarContent/r...', Array)
#6 C:\xampp\htdocs\MXPacGroup\system\CodeIgniter.php(824): App\Controllers\RFID_demo_kit->RFID_scan_tag_controller()
#7 C:\xampp\htdocs\MXPacGroup\system\CodeIgniter.php(410): CodeIgniter\CodeIgniter->runController(Object(App\Controllers\RFID_demo_kit))
#8 C:\xampp\htdocs\MXPacGroup\system\CodeIgniter.php(318): CodeIgniter\CodeIgniter->handleRequest(NULL, Object(Config\Cache), false)
#9 C:\xampp\htdocs\MXPacGroup\index.php(37): CodeIgniter\CodeIgniter->run()
#10 {main}
CRITICAL - 2021-12-29 01:15:50 --> Class 'phpSerial' not found
#0 C:\xampp\htdocs\MXPacGroup\system\View\View.php(214): include()
#1 C:\xampp\htdocs\MXPacGroup\system\View\View.php(217): CodeIgniter\View\View->CodeIgniter\View\{closure}()
#2 C:\xampp\htdocs\MXPacGroup\system\Common.php(1097): CodeIgniter\View\View->render('NavbarContent/r...', Array, true)
#3 C:\xampp\htdocs\MXPacGroup\app\Controllers\RFID_demo_kit.php(57): view('NavbarContent/r...', Array)
#4 C:\xampp\htdocs\MXPacGroup\system\CodeIgniter.php(824): App\Controllers\RFID_demo_kit->RFID_scan_tag_controller()
#5 C:\xampp\htdocs\MXPacGroup\system\CodeIgniter.php(410): CodeIgniter\CodeIgniter->runController(Object(App\Controllers\RFID_demo_kit))
#6 C:\xampp\htdocs\MXPacGroup\system\CodeIgniter.php(318): CodeIgniter\CodeIgniter->handleRequest(NULL, Object(Config\Cache), false)
#7 C:\xampp\htdocs\MXPacGroup\index.php(37): CodeIgniter\CodeIgniter->run()
#8 {main}
CRITICAL - 2021-12-29 01:15:59 --> Class 'phpSerial' not found
#0 C:\xampp\htdocs\MXPacGroup\system\View\View.php(214): include()
#1 C:\xampp\htdocs\MXPacGroup\system\View\View.php(217): CodeIgniter\View\View->CodeIgniter\View\{closure}()
#2 C:\xampp\htdocs\MXPacGroup\system\Common.php(1097): CodeIgniter\View\View->render('NavbarContent/r...', Array, true)
#3 C:\xampp\htdocs\MXPacGroup\app\Controllers\RFID_demo_kit.php(57): view('NavbarContent/r...', Array)
#4 C:\xampp\htdocs\MXPacGroup\system\CodeIgniter.php(824): App\Controllers\RFID_demo_kit->RFID_scan_tag_controller()
#5 C:\xampp\htdocs\MXPacGroup\system\CodeIgniter.php(410): CodeIgniter\CodeIgniter->runController(Object(App\Controllers\RFID_demo_kit))
#6 C:\xampp\htdocs\MXPacGroup\system\CodeIgniter.php(318): CodeIgniter\CodeIgniter->handleRequest(NULL, Object(Config\Cache), false)
#7 C:\xampp\htdocs\MXPacGroup\index.php(37): CodeIgniter\CodeIgniter->run()
#8 {main}
CRITICAL - 2021-12-29 01:17:11 --> Class 'phpSerial' not found
#0 C:\xampp\htdocs\MXPacGroup\system\View\View.php(214): include()
#1 C:\xampp\htdocs\MXPacGroup\system\View\View.php(217): CodeIgniter\View\View->CodeIgniter\View\{closure}()
#2 C:\xampp\htdocs\MXPacGroup\system\Common.php(1097): CodeIgniter\View\View->render('NavbarContent/r...', Array, true)
#3 C:\xampp\htdocs\MXPacGroup\app\Controllers\RFID_demo_kit.php(57): view('NavbarContent/r...', Array)
#4 C:\xampp\htdocs\MXPacGroup\system\CodeIgniter.php(824): App\Controllers\RFID_demo_kit->RFID_scan_tag_controller()
#5 C:\xampp\htdocs\MXPacGroup\system\CodeIgniter.php(410): CodeIgniter\CodeIgniter->runController(Object(App\Controllers\RFID_demo_kit))
#6 C:\xampp\htdocs\MXPacGroup\system\CodeIgniter.php(318): CodeIgniter\CodeIgniter->handleRequest(NULL, Object(Config\Cache), false)
#7 C:\xampp\htdocs\MXPacGroup\index.php(37): CodeIgniter\CodeIgniter->run()
#8 {main}
CRITICAL - 2021-12-29 01:17:13 --> Class 'phpSerial' not found
#0 C:\xampp\htdocs\MXPacGroup\system\View\View.php(214): include()
#1 C:\xampp\htdocs\MXPacGroup\system\View\View.php(217): CodeIgniter\View\View->CodeIgniter\View\{closure}()
#2 C:\xampp\htdocs\MXPacGroup\system\Common.php(1097): CodeIgniter\View\View->render('NavbarContent/r...', Array, true)
#3 C:\xampp\htdocs\MXPacGroup\app\Controllers\RFID_demo_kit.php(57): view('NavbarContent/r...', Array)
#4 C:\xampp\htdocs\MXPacGroup\system\CodeIgniter.php(824): App\Controllers\RFID_demo_kit->RFID_scan_tag_controller()
#5 C:\xampp\htdocs\MXPacGroup\system\CodeIgniter.php(410): CodeIgniter\CodeIgniter->runController(Object(App\Controllers\RFID_demo_kit))
#6 C:\xampp\htdocs\MXPacGroup\system\CodeIgniter.php(318): CodeIgniter\CodeIgniter->handleRequest(NULL, Object(Config\Cache), false)
#7 C:\xampp\htdocs\MXPacGroup\index.php(37): CodeIgniter\CodeIgniter->run()
#8 {main}
CRITICAL - 2021-12-29 01:17:13 --> Class 'phpSerial' not found
#0 C:\xampp\htdocs\MXPacGroup\system\View\View.php(214): include()
#1 C:\xampp\htdocs\MXPacGroup\system\View\View.php(217): CodeIgniter\View\View->CodeIgniter\View\{closure}()
#2 C:\xampp\htdocs\MXPacGroup\system\Common.php(1097): CodeIgniter\View\View->render('NavbarContent/r...', Array, true)
#3 C:\xampp\htdocs\MXPacGroup\app\Controllers\RFID_demo_kit.php(57): view('NavbarContent/r...', Array)
#4 C:\xampp\htdocs\MXPacGroup\system\CodeIgniter.php(824): App\Controllers\RFID_demo_kit->RFID_scan_tag_controller()
#5 C:\xampp\htdocs\MXPacGroup\system\CodeIgniter.php(410): CodeIgniter\CodeIgniter->runController(Object(App\Controllers\RFID_demo_kit))
#6 C:\xampp\htdocs\MXPacGroup\system\CodeIgniter.php(318): CodeIgniter\CodeIgniter->handleRequest(NULL, Object(Config\Cache), false)
#7 C:\xampp\htdocs\MXPacGroup\index.php(37): CodeIgniter\CodeIgniter->run()
#8 {main}
CRITICAL - 2021-12-29 01:17:46 --> Class 'PhpSerial' not found
#0 C:\xampp\htdocs\MXPacGroup\system\View\View.php(214): include()
#1 C:\xampp\htdocs\MXPacGroup\system\View\View.php(217): CodeIgniter\View\View->CodeIgniter\View\{closure}()
#2 C:\xampp\htdocs\MXPacGroup\system\Common.php(1097): CodeIgniter\View\View->render('NavbarContent/r...', Array, true)
#3 C:\xampp\htdocs\MXPacGroup\app\Controllers\RFID_demo_kit.php(57): view('NavbarContent/r...', Array)
#4 C:\xampp\htdocs\MXPacGroup\system\CodeIgniter.php(824): App\Controllers\RFID_demo_kit->RFID_scan_tag_controller()
#5 C:\xampp\htdocs\MXPacGroup\system\CodeIgniter.php(410): CodeIgniter\CodeIgniter->runController(Object(App\Controllers\RFID_demo_kit))
#6 C:\xampp\htdocs\MXPacGroup\system\CodeIgniter.php(318): CodeIgniter\CodeIgniter->handleRequest(NULL, Object(Config\Cache), false)
#7 C:\xampp\htdocs\MXPacGroup\index.php(37): CodeIgniter\CodeIgniter->run()
#8 {main}
CRITICAL - 2021-12-29 01:17:46 --> Class 'PhpSerial' not found
#0 C:\xampp\htdocs\MXPacGroup\system\View\View.php(214): include()
#1 C:\xampp\htdocs\MXPacGroup\system\View\View.php(217): CodeIgniter\View\View->CodeIgniter\View\{closure}()
#2 C:\xampp\htdocs\MXPacGroup\system\Common.php(1097): CodeIgniter\View\View->render('NavbarContent/r...', Array, true)
#3 C:\xampp\htdocs\MXPacGroup\app\Controllers\RFID_demo_kit.php(57): view('NavbarContent/r...', Array)
#4 C:\xampp\htdocs\MXPacGroup\system\CodeIgniter.php(824): App\Controllers\RFID_demo_kit->RFID_scan_tag_controller()
#5 C:\xampp\htdocs\MXPacGroup\system\CodeIgniter.php(410): CodeIgniter\CodeIgniter->runController(Object(App\Controllers\RFID_demo_kit))
#6 C:\xampp\htdocs\MXPacGroup\system\CodeIgniter.php(318): CodeIgniter\CodeIgniter->handleRequest(NULL, Object(Config\Cache), false)
#7 C:\xampp\htdocs\MXPacGroup\index.php(37): CodeIgniter\CodeIgniter->run()
#8 {main}
CRITICAL - 2021-12-29 01:22:34 --> Class 'PhpSerial' not found
#0 C:\xampp\htdocs\MXPacGroup\system\View\View.php(214): include()
#1 C:\xampp\htdocs\MXPacGroup\system\View\View.php(217): CodeIgniter\View\View->CodeIgniter\View\{closure}()
#2 C:\xampp\htdocs\MXPacGroup\system\Common.php(1097): CodeIgniter\View\View->render('NavbarContent/r...', Array, true)
#3 C:\xampp\htdocs\MXPacGroup\app\Controllers\RFID_demo_kit.php(57): view('NavbarContent/r...', Array)
#4 C:\xampp\htdocs\MXPacGroup\system\CodeIgniter.php(824): App\Controllers\RFID_demo_kit->RFID_scan_tag_controller()
#5 C:\xampp\htdocs\MXPacGroup\system\CodeIgniter.php(410): CodeIgniter\CodeIgniter->runController(Object(App\Controllers\RFID_demo_kit))
#6 C:\xampp\htdocs\MXPacGroup\system\CodeIgniter.php(318): CodeIgniter\CodeIgniter->handleRequest(NULL, Object(Config\Cache), false)
#7 C:\xampp\htdocs\MXPacGroup\index.php(37): CodeIgniter\CodeIgniter->run()
#8 {main}
CRITICAL - 2021-12-29 01:22:39 --> Class 'PhpSerial' not found
#0 C:\xampp\htdocs\MXPacGroup\system\View\View.php(214): include()
#1 C:\xampp\htdocs\MXPacGroup\system\View\View.php(217): CodeIgniter\View\View->CodeIgniter\View\{closure}()
#2 C:\xampp\htdocs\MXPacGroup\system\Common.php(1097): CodeIgniter\View\View->render('NavbarContent/r...', Array, true)
#3 C:\xampp\htdocs\MXPacGroup\app\Controllers\RFID_demo_kit.php(57): view('NavbarContent/r...', Array)
#4 C:\xampp\htdocs\MXPacGroup\system\CodeIgniter.php(824): App\Controllers\RFID_demo_kit->RFID_scan_tag_controller()
#5 C:\xampp\htdocs\MXPacGroup\system\CodeIgniter.php(410): CodeIgniter\CodeIgniter->runController(Object(App\Controllers\RFID_demo_kit))
#6 C:\xampp\htdocs\MXPacGroup\system\CodeIgniter.php(318): CodeIgniter\CodeIgniter->handleRequest(NULL, Object(Config\Cache), false)
#7 C:\xampp\htdocs\MXPacGroup\index.php(37): CodeIgniter\CodeIgniter->run()
#8 {main}
CRITICAL - 2021-12-29 15:30:05 --> Undefined variable: userdata
#0 C:\xampp\htdocs\MXPacGroup\app\Views\includes\base.php(105): CodeIgniter\Debug\Exceptions->errorHandler(8, 'Undefined varia...', 'C:\\xampp\\htdocs...', 105, Array)
#1 C:\xampp\htdocs\MXPacGroup\system\View\View.php(214): include('C:\\xampp\\htdocs...')
#2 C:\xampp\htdocs\MXPacGroup\system\View\View.php(217): CodeIgniter\View\View->CodeIgniter\View\{closure}()
#3 C:\xampp\htdocs\MXPacGroup\system\View\View.php(230): CodeIgniter\View\View->render('includes/base', Array, true)
#4 C:\xampp\htdocs\MXPacGroup\system\Common.php(1097): CodeIgniter\View\View->render('errors/custom_e...', Array, true)
#5 C:\xampp\htdocs\MXPacGroup\app\Config\Routes.php(50): view('errors/custom_e...')
#6 C:\xampp\htdocs\MXPacGroup\system\CodeIgniter.php(841): CodeIgniter\Router\RouteCollection->Config\{closure}('Controller meth...')
#7 C:\xampp\htdocs\MXPacGroup\system\CodeIgniter.php(332): CodeIgniter\CodeIgniter->display404errors(Object(CodeIgniter\Exceptions\PageNotFoundException))
#8 C:\xampp\htdocs\MXPacGroup\index.php(37): CodeIgniter\CodeIgniter->run()
#9 {main}
CRITICAL - 2021-12-29 01:31:23 --> Class 'phpSerial' not found
#0 C:\xampp\htdocs\MXPacGroup\system\View\View.php(214): include()
#1 C:\xampp\htdocs\MXPacGroup\system\View\View.php(217): CodeIgniter\View\View->CodeIgniter\View\{closure}()
#2 C:\xampp\htdocs\MXPacGroup\system\Common.php(1097): CodeIgniter\View\View->render('NavbarContent/r...', Array, true)
#3 C:\xampp\htdocs\MXPacGroup\app\Controllers\RFID_demo_kit.php(57): view('NavbarContent/r...', Array)
#4 C:\xampp\htdocs\MXPacGroup\system\CodeIgniter.php(824): App\Controllers\RFID_demo_kit->RFID_scan_tag_controller()
#5 C:\xampp\htdocs\MXPacGroup\system\CodeIgniter.php(410): CodeIgniter\CodeIgniter->runController(Object(App\Controllers\RFID_demo_kit))
#6 C:\xampp\htdocs\MXPacGroup\system\CodeIgniter.php(318): CodeIgniter\CodeIgniter->handleRequest(NULL, Object(Config\Cache), false)
#7 C:\xampp\htdocs\MXPacGroup\index.php(37): CodeIgniter\CodeIgniter->run()
#8 {main}
CRITICAL - 2021-12-29 01:31:32 --> Class 'phpSerial' not found
#0 C:\xampp\htdocs\MXPacGroup\system\View\View.php(214): include()
#1 C:\xampp\htdocs\MXPacGroup\system\View\View.php(217): CodeIgniter\View\View->CodeIgniter\View\{closure}()
#2 C:\xampp\htdocs\MXPacGroup\system\Common.php(1097): CodeIgniter\View\View->render('NavbarContent/r...', Array, true)
#3 C:\xampp\htdocs\MXPacGroup\app\Controllers\RFID_demo_kit.php(57): view('NavbarContent/r...', Array)
#4 C:\xampp\htdocs\MXPacGroup\system\CodeIgniter.php(824): App\Controllers\RFID_demo_kit->RFID_scan_tag_controller()
#5 C:\xampp\htdocs\MXPacGroup\system\CodeIgniter.php(410): CodeIgniter\CodeIgniter->runController(Object(App\Controllers\RFID_demo_kit))
#6 C:\xampp\htdocs\MXPacGroup\system\CodeIgniter.php(318): CodeIgniter\CodeIgniter->handleRequest(NULL, Object(Config\Cache), false)
#7 C:\xampp\htdocs\MXPacGroup\index.php(37): CodeIgniter\CodeIgniter->run()
#8 {main}
CRITICAL - 2021-12-29 01:33:00 --> Class 'phpSerial' not found
#0 C:\xampp\htdocs\MXPacGroup\system\View\View.php(214): include()
#1 C:\xampp\htdocs\MXPacGroup\system\View\View.php(217): CodeIgniter\View\View->CodeIgniter\View\{closure}()
#2 C:\xampp\htdocs\MXPacGroup\system\Common.php(1097): CodeIgniter\View\View->render('NavbarContent/r...', Array, true)
#3 C:\xampp\htdocs\MXPacGroup\app\Controllers\RFID_demo_kit.php(57): view('NavbarContent/r...', Array)
#4 C:\xampp\htdocs\MXPacGroup\system\CodeIgniter.php(824): App\Controllers\RFID_demo_kit->RFID_scan_tag_controller()
#5 C:\xampp\htdocs\MXPacGroup\system\CodeIgniter.php(410): CodeIgniter\CodeIgniter->runController(Object(App\Controllers\RFID_demo_kit))
#6 C:\xampp\htdocs\MXPacGroup\system\CodeIgniter.php(318): CodeIgniter\CodeIgniter->handleRequest(NULL, Object(Config\Cache), false)
#7 C:\xampp\htdocs\MXPacGroup\index.php(37): CodeIgniter\CodeIgniter->run()
#8 {main}
CRITICAL - 2021-12-29 01:40:36 --> Class 'PhpSerial' not found
#0 C:\xampp\htdocs\MXPacGroup\system\View\View.php(214): include()
#1 C:\xampp\htdocs\MXPacGroup\system\View\View.php(217): CodeIgniter\View\View->CodeIgniter\View\{closure}()
#2 C:\xampp\htdocs\MXPacGroup\system\Common.php(1097): CodeIgniter\View\View->render('NavbarContent/r...', Array, true)
#3 C:\xampp\htdocs\MXPacGroup\app\Controllers\RFID_demo_kit.php(57): view('NavbarContent/r...', Array)
#4 C:\xampp\htdocs\MXPacGroup\system\CodeIgniter.php(824): App\Controllers\RFID_demo_kit->RFID_scan_tag_controller()
#5 C:\xampp\htdocs\MXPacGroup\system\CodeIgniter.php(410): CodeIgniter\CodeIgniter->runController(Object(App\Controllers\RFID_demo_kit))
#6 C:\xampp\htdocs\MXPacGroup\system\CodeIgniter.php(318): CodeIgniter\CodeIgniter->handleRequest(NULL, Object(Config\Cache), false)
#7 C:\xampp\htdocs\MXPacGroup\index.php(37): CodeIgniter\CodeIgniter->run()
#8 {main}
CRITICAL - 2021-12-29 01:44:14 --> Class 'PhpSerial' not found
#0 C:\xampp\htdocs\MXPacGroup\system\View\View.php(214): include()
#1 C:\xampp\htdocs\MXPacGroup\system\View\View.php(217): CodeIgniter\View\View->CodeIgniter\View\{closure}()
#2 C:\xampp\htdocs\MXPacGroup\system\Common.php(1097): CodeIgniter\View\View->render('NavbarContent/r...', Array, true)
#3 C:\xampp\htdocs\MXPacGroup\app\Controllers\RFID_demo_kit.php(57): view('NavbarContent/r...', Array)
#4 C:\xampp\htdocs\MXPacGroup\system\CodeIgniter.php(824): App\Controllers\RFID_demo_kit->RFID_scan_tag_controller()
#5 C:\xampp\htdocs\MXPacGroup\system\CodeIgniter.php(410): CodeIgniter\CodeIgniter->runController(Object(App\Controllers\RFID_demo_kit))
#6 C:\xampp\htdocs\MXPacGroup\system\CodeIgniter.php(318): CodeIgniter\CodeIgniter->handleRequest(NULL, Object(Config\Cache), false)
#7 C:\xampp\htdocs\MXPacGroup\index.php(37): CodeIgniter\CodeIgniter->run()
#8 {main}
CRITICAL - 2021-12-29 01:45:04 --> Class 'PhpSerial' not found
#0 C:\xampp\htdocs\MXPacGroup\system\View\View.php(214): include()
#1 C:\xampp\htdocs\MXPacGroup\system\View\View.php(217): CodeIgniter\View\View->CodeIgniter\View\{closure}()
#2 C:\xampp\htdocs\MXPacGroup\system\Common.php(1097): CodeIgniter\View\View->render('NavbarContent/r...', Array, true)
#3 C:\xampp\htdocs\MXPacGroup\app\Controllers\RFID_demo_kit.php(57): view('NavbarContent/r...', Array)
#4 C:\xampp\htdocs\MXPacGroup\system\CodeIgniter.php(824): App\Controllers\RFID_demo_kit->RFID_scan_tag_controller()
#5 C:\xampp\htdocs\MXPacGroup\system\CodeIgniter.php(410): CodeIgniter\CodeIgniter->runController(Object(App\Controllers\RFID_demo_kit))
#6 C:\xampp\htdocs\MXPacGroup\system\CodeIgniter.php(318): CodeIgniter\CodeIgniter->handleRequest(NULL, Object(Config\Cache), false)
#7 C:\xampp\htdocs\MXPacGroup\index.php(37): CodeIgniter\CodeIgniter->run()
#8 {main}
CRITICAL - 2021-12-29 01:45:30 --> Class 'PhpSerial' not found
#0 C:\xampp\htdocs\MXPacGroup\system\View\View.php(214): include()
#1 C:\xampp\htdocs\MXPacGroup\system\View\View.php(217): CodeIgniter\View\View->CodeIgniter\View\{closure}()
#2 C:\xampp\htdocs\MXPacGroup\system\Common.php(1097): CodeIgniter\View\View->render('NavbarContent/r...', Array, true)
#3 C:\xampp\htdocs\MXPacGroup\app\Controllers\RFID_demo_kit.php(57): view('NavbarContent/r...', Array)
#4 C:\xampp\htdocs\MXPacGroup\system\CodeIgniter.php(824): App\Controllers\RFID_demo_kit->RFID_scan_tag_controller()
#5 C:\xampp\htdocs\MXPacGroup\system\CodeIgniter.php(410): CodeIgniter\CodeIgniter->runController(Object(App\Controllers\RFID_demo_kit))
#6 C:\xampp\htdocs\MXPacGroup\system\CodeIgniter.php(318): CodeIgniter\CodeIgniter->handleRequest(NULL, Object(Config\Cache), false)
#7 C:\xampp\htdocs\MXPacGroup\index.php(37): CodeIgniter\CodeIgniter->run()
#8 {main}
CRITICAL - 2021-12-29 02:06:26 --> Array and string offset access syntax with curly braces is deprecated
#0 C:\xampp\htdocs\MXPacGroup\system\Autoloader\Autoloader.php(264): CodeIgniter\Debug\Exceptions->errorHandler(8192, 'Array and strin...', 'C:\\xampp\\htdocs...', 318, Array)
#1 C:\xampp\htdocs\MXPacGroup\system\Autoloader\Autoloader.php(264): include_once()
#2 C:\xampp\htdocs\MXPacGroup\system\Autoloader\Autoloader.php(241): CodeIgniter\Autoloader\Autoloader->includeFile('C:\\xampp\\htdocs...')
#3 C:\xampp\htdocs\MXPacGroup\system\Autoloader\Autoloader.php(219): CodeIgniter\Autoloader\Autoloader->loadInNamespace('App\\Libraries\\P...')
#4 [internal function]: CodeIgniter\Autoloader\Autoloader->loadClass('App\\Libraries\\P...')
#5 C:\xampp\htdocs\MXPacGroup\app\Controllers\RFID_demo_kit.php(58): spl_autoload_call('App\\Libraries\\P...')
#6 C:\xampp\htdocs\MXPacGroup\system\CodeIgniter.php(824): App\Controllers\RFID_demo_kit->RFID_scan_tag_controller()
#7 C:\xampp\htdocs\MXPacGroup\system\CodeIgniter.php(410): CodeIgniter\CodeIgniter->runController(Object(App\Controllers\RFID_demo_kit))
#8 C:\xampp\htdocs\MXPacGroup\system\CodeIgniter.php(318): CodeIgniter\CodeIgniter->handleRequest(NULL, Object(Config\Cache), false)
#9 C:\xampp\htdocs\MXPacGroup\index.php(37): CodeIgniter\CodeIgniter->run()
#10 {main}
CRITICAL - 2021-12-29 02:08:14 --> Array and string offset access syntax with curly braces is deprecated
#0 C:\xampp\htdocs\MXPacGroup\system\Autoloader\Autoloader.php(264): CodeIgniter\Debug\Exceptions->errorHandler(8192, 'Array and strin...', 'C:\\xampp\\htdocs...', 529, Array)
#1 C:\xampp\htdocs\MXPacGroup\system\Autoloader\Autoloader.php(264): include_once()
#2 C:\xampp\htdocs\MXPacGroup\system\Autoloader\Autoloader.php(241): CodeIgniter\Autoloader\Autoloader->includeFile('C:\\xampp\\htdocs...')
#3 C:\xampp\htdocs\MXPacGroup\system\Autoloader\Autoloader.php(219): CodeIgniter\Autoloader\Autoloader->loadInNamespace('App\\Libraries\\P...')
#4 [internal function]: CodeIgniter\Autoloader\Autoloader->loadClass('App\\Libraries\\P...')
#5 C:\xampp\htdocs\MXPacGroup\app\Controllers\RFID_demo_kit.php(58): spl_autoload_call('App\\Libraries\\P...')
#6 C:\xampp\htdocs\MXPacGroup\system\CodeIgniter.php(824): App\Controllers\RFID_demo_kit->RFID_scan_tag_controller()
#7 C:\xampp\htdocs\MXPacGroup\system\CodeIgniter.php(410): CodeIgniter\CodeIgniter->runController(Object(App\Controllers\RFID_demo_kit))
#8 C:\xampp\htdocs\MXPacGroup\system\CodeIgniter.php(318): CodeIgniter\CodeIgniter->handleRequest(NULL, Object(Config\Cache), false)
#9 C:\xampp\htdocs\MXPacGroup\index.php(37): CodeIgniter\CodeIgniter->run()
#10 {main}
CRITICAL - 2021-12-29 02:08:42 --> Specified serial port is not valid
#0 [internal function]: CodeIgniter\Debug\Exceptions->errorHandler(512, 'Specified seria...', 'C:\\xampp\\htdocs...', 121, Array)
#1 C:\xampp\htdocs\MXPacGroup\app\Libraries\PhpSerial.php(121): trigger_error('Specified seria...', 512)
#2 C:\xampp\htdocs\MXPacGroup\app\Views\NavbarContent\rfid_scan_tag_view.php(29): App\Libraries\PhpSerial->deviceSet('COM3')
#3 C:\xampp\htdocs\MXPacGroup\system\View\View.php(214): include('C:\\xampp\\htdocs...')
#4 C:\xampp\htdocs\MXPacGroup\system\View\View.php(217): CodeIgniter\View\View->CodeIgniter\View\{closure}()
#5 C:\xampp\htdocs\MXPacGroup\system\Common.php(1097): CodeIgniter\View\View->render('NavbarContent/r...', Array, true)
#6 C:\xampp\htdocs\MXPacGroup\app\Controllers\RFID_demo_kit.php(61): view('NavbarContent/r...', Array)
#7 C:\xampp\htdocs\MXPacGroup\system\CodeIgniter.php(824): App\Controllers\RFID_demo_kit->RFID_scan_tag_controller()
#8 C:\xampp\htdocs\MXPacGroup\system\CodeIgniter.php(410): CodeIgniter\CodeIgniter->runController(Object(App\Controllers\RFID_demo_kit))
#9 C:\xampp\htdocs\MXPacGroup\system\CodeIgniter.php(318): CodeIgniter\CodeIgniter->handleRequest(NULL, Object(Config\Cache), false)
#10 C:\xampp\htdocs\MXPacGroup\index.php(37): CodeIgniter\CodeIgniter->run()
#11 {main}
CRITICAL - 2021-12-29 02:09:25 --> Specified serial port is not valid
#0 [internal function]: CodeIgniter\Debug\Exceptions->errorHandler(512, 'Specified seria...', 'C:\\xampp\\htdocs...', 121, Array)
#1 C:\xampp\htdocs\MXPacGroup\app\Libraries\PhpSerial.php(121): trigger_error('Specified seria...', 512)
#2 C:\xampp\htdocs\MXPacGroup\app\Views\NavbarContent\rfid_scan_tag_view.php(29): App\Libraries\PhpSerial->deviceSet('COM3')
#3 C:\xampp\htdocs\MXPacGroup\system\View\View.php(214): include('C:\\xampp\\htdocs...')
#4 C:\xampp\htdocs\MXPacGroup\system\View\View.php(217): CodeIgniter\View\View->CodeIgniter\View\{closure}()
#5 C:\xampp\htdocs\MXPacGroup\system\Common.php(1097): CodeIgniter\View\View->render('NavbarContent/r...', Array, true)
#6 C:\xampp\htdocs\MXPacGroup\app\Controllers\RFID_demo_kit.php(61): view('NavbarContent/r...', Array)
#7 C:\xampp\htdocs\MXPacGroup\system\CodeIgniter.php(824): App\Controllers\RFID_demo_kit->RFID_scan_tag_controller()
#8 C:\xampp\htdocs\MXPacGroup\system\CodeIgniter.php(410): CodeIgniter\CodeIgniter->runController(Object(App\Controllers\RFID_demo_kit))
#9 C:\xampp\htdocs\MXPacGroup\system\CodeIgniter.php(318): CodeIgniter\CodeIgniter->handleRequest(NULL, Object(Config\Cache), false)
#10 C:\xampp\htdocs\MXPacGroup\index.php(37): CodeIgniter\CodeIgniter->run()
#11 {main}
CRITICAL - 2021-12-29 02:13:33 --> Specified serial port is not valid
#0 [internal function]: CodeIgniter\Debug\Exceptions->errorHandler(512, 'Specified seria...', 'C:\\xampp\\htdocs...', 121, Array)
#1 C:\xampp\htdocs\MXPacGroup\app\Libraries\PhpSerial.php(121): trigger_error('Specified seria...', 512)
#2 C:\xampp\htdocs\MXPacGroup\app\Views\NavbarContent\rfid_scan_tag_view.php(29): App\Libraries\PhpSerial->deviceSet('/dev/ttyACM2')
#3 C:\xampp\htdocs\MXPacGroup\system\View\View.php(214): include('C:\\xampp\\htdocs...')
#4 C:\xampp\htdocs\MXPacGroup\system\View\View.php(217): CodeIgniter\View\View->CodeIgniter\View\{closure}()
#5 C:\xampp\htdocs\MXPacGroup\system\Common.php(1097): CodeIgniter\View\View->render('NavbarContent/r...', Array, true)
#6 C:\xampp\htdocs\MXPacGroup\app\Controllers\RFID_demo_kit.php(61): view('NavbarContent/r...', Array)
#7 C:\xampp\htdocs\MXPacGroup\system\CodeIgniter.php(824): App\Controllers\RFID_demo_kit->RFID_scan_tag_controller()
#8 C:\xampp\htdocs\MXPacGroup\system\CodeIgniter.php(410): CodeIgniter\CodeIgniter->runController(Object(App\Controllers\RFID_demo_kit))
#9 C:\xampp\htdocs\MXPacGroup\system\CodeIgniter.php(318): CodeIgniter\CodeIgniter->handleRequest(NULL, Object(Config\Cache), false)
#10 C:\xampp\htdocs\MXPacGroup\index.php(37): CodeIgniter\CodeIgniter->run()
#11 {main}
CRITICAL - 2021-12-29 02:13:38 --> Specified serial port is not valid
#0 [internal function]: CodeIgniter\Debug\Exceptions->errorHandler(512, 'Specified seria...', 'C:\\xampp\\htdocs...', 121, Array)
#1 C:\xampp\htdocs\MXPacGroup\app\Libraries\PhpSerial.php(121): trigger_error('Specified seria...', 512)
#2 C:\xampp\htdocs\MXPacGroup\app\Views\NavbarContent\rfid_scan_tag_view.php(29): App\Libraries\PhpSerial->deviceSet('/dev/ttyACM2')
#3 C:\xampp\htdocs\MXPacGroup\system\View\View.php(214): include('C:\\xampp\\htdocs...')
#4 C:\xampp\htdocs\MXPacGroup\system\View\View.php(217): CodeIgniter\View\View->CodeIgniter\View\{closure}()
#5 C:\xampp\htdocs\MXPacGroup\system\Common.php(1097): CodeIgniter\View\View->render('NavbarContent/r...', Array, true)
#6 C:\xampp\htdocs\MXPacGroup\app\Controllers\RFID_demo_kit.php(61): view('NavbarContent/r...', Array)
#7 C:\xampp\htdocs\MXPacGroup\system\CodeIgniter.php(824): App\Controllers\RFID_demo_kit->RFID_scan_tag_controller()
#8 C:\xampp\htdocs\MXPacGroup\system\CodeIgniter.php(410): CodeIgniter\CodeIgniter->runController(Object(App\Controllers\RFID_demo_kit))
#9 C:\xampp\htdocs\MXPacGroup\system\CodeIgniter.php(318): CodeIgniter\CodeIgniter->handleRequest(NULL, Object(Config\Cache), false)
#10 C:\xampp\htdocs\MXPacGroup\index.php(37): CodeIgniter\CodeIgniter->run()
#11 {main}
CRITICAL - 2021-12-29 02:13:54 --> Specified serial port is not valid
#0 [internal function]: CodeIgniter\Debug\Exceptions->errorHandler(512, 'Specified seria...', 'C:\\xampp\\htdocs...', 121, Array)
#1 C:\xampp\htdocs\MXPacGroup\app\Libraries\PhpSerial.php(121): trigger_error('Specified seria...', 512)
#2 C:\xampp\htdocs\MXPacGroup\app\Views\NavbarContent\rfid_scan_tag_view.php(29): App\Libraries\PhpSerial->deviceSet('COM3')
#3 C:\xampp\htdocs\MXPacGroup\system\View\View.php(214): include('C:\\xampp\\htdocs...')
#4 C:\xampp\htdocs\MXPacGroup\system\View\View.php(217): CodeIgniter\View\View->CodeIgniter\View\{closure}()
#5 C:\xampp\htdocs\MXPacGroup\system\Common.php(1097): CodeIgniter\View\View->render('NavbarContent/r...', Array, true)
#6 C:\xampp\htdocs\MXPacGroup\app\Controllers\RFID_demo_kit.php(61): view('NavbarContent/r...', Array)
#7 C:\xampp\htdocs\MXPacGroup\system\CodeIgniter.php(824): App\Controllers\RFID_demo_kit->RFID_scan_tag_controller()
#8 C:\xampp\htdocs\MXPacGroup\system\CodeIgniter.php(410): CodeIgniter\CodeIgniter->runController(Object(App\Controllers\RFID_demo_kit))
#9 C:\xampp\htdocs\MXPacGroup\system\CodeIgniter.php(318): CodeIgniter\CodeIgniter->handleRequest(NULL, Object(Config\Cache), false)
#10 C:\xampp\htdocs\MXPacGroup\index.php(37): CodeIgniter\CodeIgniter->run()
#11 {main}
CRITICAL - 2021-12-29 02:15:23 --> Unable to set the baud rate : the device is either not set or opened
#0 [internal function]: CodeIgniter\Debug\Exceptions->errorHandler(512, 'Unable to set t...', 'C:\\xampp\\htdocs...', 223, Array)
#1 C:\xampp\htdocs\MXPacGroup\app\Libraries\PhpSerial.php(223): trigger_error('Unable to set t...', 512)
#2 C:\xampp\htdocs\MXPacGroup\app\Views\NavbarContent\rfid_scan_tag_view.php(30): App\Libraries\PhpSerial->confBaudRate(9600)
#3 C:\xampp\htdocs\MXPacGroup\system\View\View.php(214): include('C:\\xampp\\htdocs...')
#4 C:\xampp\htdocs\MXPacGroup\system\View\View.php(217): CodeIgniter\View\View->CodeIgniter\View\{closure}()
#5 C:\xampp\htdocs\MXPacGroup\system\Common.php(1097): CodeIgniter\View\View->render('NavbarContent/r...', Array, true)
#6 C:\xampp\htdocs\MXPacGroup\app\Controllers\RFID_demo_kit.php(61): view('NavbarContent/r...', Array)
#7 C:\xampp\htdocs\MXPacGroup\system\CodeIgniter.php(824): App\Controllers\RFID_demo_kit->RFID_scan_tag_controller()
#8 C:\xampp\htdocs\MXPacGroup\system\CodeIgniter.php(410): CodeIgniter\CodeIgniter->runController(Object(App\Controllers\RFID_demo_kit))
#9 C:\xampp\htdocs\MXPacGroup\system\CodeIgniter.php(318): CodeIgniter\CodeIgniter->handleRequest(NULL, Object(Config\Cache), false)
#10 C:\xampp\htdocs\MXPacGroup\index.php(37): CodeIgniter\CodeIgniter->run()
#11 {main}
CRITICAL - 2021-12-29 02:18:58 --> Specified serial port is not valid
#0 [internal function]: CodeIgniter\Debug\Exceptions->errorHandler(512, 'Specified seria...', 'C:\\xampp\\htdocs...', 121, Array)
#1 C:\xampp\htdocs\MXPacGroup\app\Libraries\PhpSerial.php(121): trigger_error('Specified seria...', 512)
#2 C:\xampp\htdocs\MXPacGroup\app\Views\NavbarContent\rfid_scan_tag_view.php(29): App\Libraries\PhpSerial->deviceSet('COM3')
#3 C:\xampp\htdocs\MXPacGroup\system\View\View.php(214): include('C:\\xampp\\htdocs...')
#4 C:\xampp\htdocs\MXPacGroup\system\View\View.php(217): CodeIgniter\View\View->CodeIgniter\View\{closure}()
#5 C:\xampp\htdocs\MXPacGroup\system\Common.php(1097): CodeIgniter\View\View->render('NavbarContent/r...', Array, true)
#6 C:\xampp\htdocs\MXPacGroup\app\Controllers\RFID_demo_kit.php(61): view('NavbarContent/r...', Array)
#7 C:\xampp\htdocs\MXPacGroup\system\CodeIgniter.php(824): App\Controllers\RFID_demo_kit->RFID_scan_tag_controller()
#8 C:\xampp\htdocs\MXPacGroup\system\CodeIgniter.php(410): CodeIgniter\CodeIgniter->runController(Object(App\Controllers\RFID_demo_kit))
#9 C:\xampp\htdocs\MXPacGroup\system\CodeIgniter.php(318): CodeIgniter\CodeIgniter->handleRequest(NULL, Object(Config\Cache), false)
#10 C:\xampp\htdocs\MXPacGroup\index.php(37): CodeIgniter\CodeIgniter->run()
#11 {main}
