CRITICAL - 2021-12-30 01:56:34 --> Specified serial port is not valid
#0 [internal function]: CodeIgniter\Debug\Exceptions->errorHandler(512, 'Specified seria...', 'C:\\xampp\\htdocs...', 121, Array)
#1 C:\xampp\htdocs\MXPacGroup\app\Libraries\PhpSerial.php(121): trigger_error('Specified seria...', 512)
#2 C:\xampp\htdocs\MXPacGroup\app\Views\NavbarContent\rfid_scan_tag_view.php(50): App\Libraries\PhpSerial->deviceSet('COM3')
#3 C:\xampp\htdocs\MXPacGroup\system\View\View.php(214): include('C:\\xampp\\htdocs...')
#4 C:\xampp\htdocs\MXPacGroup\system\View\View.php(217): CodeIgniter\View\View->CodeIgniter\View\{closure}()
#5 C:\xampp\htdocs\MXPacGroup\system\Common.php(1097): CodeIgniter\View\View->render('NavbarContent/r...', Array, true)
#6 C:\xampp\htdocs\MXPacGroup\app\Controllers\RFID_demo_kit.php(61): view('NavbarContent/r...', Array)
#7 C:\xampp\htdocs\MXPacGroup\system\CodeIgniter.php(824): App\Controllers\RFID_demo_kit->RFID_scan_tag_controller()
#8 C:\xampp\htdocs\MXPacGroup\system\CodeIgniter.php(410): CodeIgniter\CodeIgniter->runController(Object(App\Controllers\RFID_demo_kit))
#9 C:\xampp\htdocs\MXPacGroup\system\CodeIgniter.php(318): CodeIgniter\CodeIgniter->handleRequest(NULL, Object(Config\Cache), false)
#10 C:\xampp\htdocs\MXPacGroup\index.php(37): CodeIgniter\CodeIgniter->run()
#11 {main}
CRITICAL - 2021-12-30 01:56:47 --> Specified serial port is not valid
#0 [internal function]: CodeIgniter\Debug\Exceptions->errorHandler(512, 'Specified seria...', 'C:\\xampp\\htdocs...', 121, Array)
#1 C:\xampp\htdocs\MXPacGroup\app\Libraries\PhpSerial.php(121): trigger_error('Specified seria...', 512)
#2 C:\xampp\htdocs\MXPacGroup\app\Views\NavbarContent\rfid_scan_tag_view.php(50): App\Libraries\PhpSerial->deviceSet('COM3')
#3 C:\xampp\htdocs\MXPacGroup\system\View\View.php(214): include('C:\\xampp\\htdocs...')
#4 C:\xampp\htdocs\MXPacGroup\system\View\View.php(217): CodeIgniter\View\View->CodeIgniter\View\{closure}()
#5 C:\xampp\htdocs\MXPacGroup\system\Common.php(1097): CodeIgniter\View\View->render('NavbarContent/r...', Array, true)
#6 C:\xampp\htdocs\MXPacGroup\app\Controllers\RFID_demo_kit.php(61): view('NavbarContent/r...', Array)
#7 C:\xampp\htdocs\MXPacGroup\system\CodeIgniter.php(824): App\Controllers\RFID_demo_kit->RFID_scan_tag_controller()
#8 C:\xampp\htdocs\MXPacGroup\system\CodeIgniter.php(410): CodeIgniter\CodeIgniter->runController(Object(App\Controllers\RFID_demo_kit))
#9 C:\xampp\htdocs\MXPacGroup\system\CodeIgniter.php(318): CodeIgniter\CodeIgniter->handleRequest(NULL, Object(Config\Cache), false)
#10 C:\xampp\htdocs\MXPacGroup\index.php(37): CodeIgniter\CodeIgniter->run()
#11 {main}
CRITICAL - 2021-12-30 01:57:15 --> Specified serial port is not valid
#0 [internal function]: CodeIgniter\Debug\Exceptions->errorHandler(512, 'Specified seria...', 'C:\\xampp\\htdocs...', 121, Array)
#1 C:\xampp\htdocs\MXPacGroup\app\Libraries\PhpSerial.php(121): trigger_error('Specified seria...', 512)
#2 C:\xampp\htdocs\MXPacGroup\app\Views\NavbarContent\rfid_scan_tag_view.php(50): App\Libraries\PhpSerial->deviceSet('COM3')
#3 C:\xampp\htdocs\MXPacGroup\system\View\View.php(214): include('C:\\xampp\\htdocs...')
#4 C:\xampp\htdocs\MXPacGroup\system\View\View.php(217): CodeIgniter\View\View->CodeIgniter\View\{closure}()
#5 C:\xampp\htdocs\MXPacGroup\system\Common.php(1097): CodeIgniter\View\View->render('NavbarContent/r...', Array, true)
#6 C:\xampp\htdocs\MXPacGroup\app\Controllers\RFID_demo_kit.php(61): view('NavbarContent/r...', Array)
#7 C:\xampp\htdocs\MXPacGroup\system\CodeIgniter.php(824): App\Controllers\RFID_demo_kit->RFID_scan_tag_controller()
#8 C:\xampp\htdocs\MXPacGroup\system\CodeIgniter.php(410): CodeIgniter\CodeIgniter->runController(Object(App\Controllers\RFID_demo_kit))
#9 C:\xampp\htdocs\MXPacGroup\system\CodeIgniter.php(318): CodeIgniter\CodeIgniter->handleRequest(NULL, Object(Config\Cache), false)
#10 C:\xampp\htdocs\MXPacGroup\index.php(37): CodeIgniter\CodeIgniter->run()
#11 {main}
CRITICAL - 2021-12-30 03:04:25 --> Specified serial port is not valid
#0 [internal function]: CodeIgniter\Debug\Exceptions->errorHandler(512, 'Specified seria...', 'C:\\xampp\\htdocs...', 121, Array)
#1 C:\xampp\htdocs\MXPacGroup\app\Libraries\PhpSerial.php(121): trigger_error('Specified seria...', 512)
#2 C:\xampp\htdocs\MXPacGroup\app\Views\NavbarContent\rfid_scan_tag_view.php(50): App\Libraries\PhpSerial->deviceSet('COM3')
#3 C:\xampp\htdocs\MXPacGroup\system\View\View.php(214): include('C:\\xampp\\htdocs...')
#4 C:\xampp\htdocs\MXPacGroup\system\View\View.php(217): CodeIgniter\View\View->CodeIgniter\View\{closure}()
#5 C:\xampp\htdocs\MXPacGroup\system\Common.php(1097): CodeIgniter\View\View->render('NavbarContent/r...', Array, true)
#6 C:\xampp\htdocs\MXPacGroup\app\Controllers\RFID_demo_kit.php(61): view('NavbarContent/r...', Array)
#7 C:\xampp\htdocs\MXPacGroup\system\CodeIgniter.php(824): App\Controllers\RFID_demo_kit->RFID_scan_tag_controller()
#8 C:\xampp\htdocs\MXPacGroup\system\CodeIgniter.php(410): CodeIgniter\CodeIgniter->runController(Object(App\Controllers\RFID_demo_kit))
#9 C:\xampp\htdocs\MXPacGroup\system\CodeIgniter.php(318): CodeIgniter\CodeIgniter->handleRequest(NULL, Object(Config\Cache), false)
#10 C:\xampp\htdocs\MXPacGroup\index.php(37): CodeIgniter\CodeIgniter->run()
#11 {main}
