CRITICAL - 2021-12-14 09:36:44 --> Undefined variable: userdata
#0 C:\xampp\htdocs\MXPacGroup\app\Views\includes\base.php(98): CodeIgniter\Debug\Exceptions->errorHandler(8, 'Undefined varia...', 'C:\\xampp\\htdocs...', 98, Array)
#1 C:\xampp\htdocs\MXPacGroup\system\View\View.php(214): include('C:\\xampp\\htdocs...')
#2 C:\xampp\htdocs\MXPacGroup\system\View\View.php(217): CodeIgniter\View\View->CodeIgniter\View\{closure}()
#3 C:\xampp\htdocs\MXPacGroup\system\View\View.php(230): CodeIgniter\View\View->render('includes/base', Array, true)
#4 C:\xampp\htdocs\MXPacGroup\system\Common.php(1097): CodeIgniter\View\View->render('auth/login', Array, true)
#5 C:\xampp\htdocs\MXPacGroup\app\Controllers\Auth.php(114): view('auth/login', Array)
#6 C:\xampp\htdocs\MXPacGroup\system\CodeIgniter.php(824): App\Controllers\Auth->login_controller()
#7 C:\xampp\htdocs\MXPacGroup\system\CodeIgniter.php(410): CodeIgniter\CodeIgniter->runController(Object(App\Controllers\Auth))
#8 C:\xampp\htdocs\MXPacGroup\system\CodeIgniter.php(318): CodeIgniter\CodeIgniter->handleRequest(NULL, Object(Config\Cache), false)
#9 C:\xampp\htdocs\MXPacGroup\index.php(37): CodeIgniter\CodeIgniter->run()
#10 {main}
CRITICAL - 2021-12-14 09:59:57 --> Undefined variable: userdata
#0 C:\xampp\htdocs\MXPacGroup\app\Views\includes\base.php(98): CodeIgniter\Debug\Exceptions->errorHandler(8, 'Undefined varia...', 'C:\\xampp\\htdocs...', 98, Array)
#1 C:\xampp\htdocs\MXPacGroup\system\View\View.php(214): include('C:\\xampp\\htdocs...')
#2 C:\xampp\htdocs\MXPacGroup\system\View\View.php(217): CodeIgniter\View\View->CodeIgniter\View\{closure}()
#3 C:\xampp\htdocs\MXPacGroup\system\View\View.php(230): CodeIgniter\View\View->render('includes/base', Array, true)
#4 C:\xampp\htdocs\MXPacGroup\system\Common.php(1097): CodeIgniter\View\View->render('auth/login', Array, true)
#5 C:\xampp\htdocs\MXPacGroup\app\Controllers\Auth.php(114): view('auth/login', Array)
#6 C:\xampp\htdocs\MXPacGroup\system\CodeIgniter.php(824): App\Controllers\Auth->login_controller()
#7 C:\xampp\htdocs\MXPacGroup\system\CodeIgniter.php(410): CodeIgniter\CodeIgniter->runController(Object(App\Controllers\Auth))
#8 C:\xampp\htdocs\MXPacGroup\system\CodeIgniter.php(318): CodeIgniter\CodeIgniter->handleRequest(NULL, Object(Config\Cache), false)
#9 C:\xampp\htdocs\MXPacGroup\index.php(37): CodeIgniter\CodeIgniter->run()
#10 {main}
CRITICAL - 2021-12-14 10:28:53 --> Undefined variable: userdata
#0 C:\xampp\htdocs\MXPacGroup\app\Views\includes\base.php(98): CodeIgniter\Debug\Exceptions->errorHandler(8, 'Undefined varia...', 'C:\\xampp\\htdocs...', 98, Array)
#1 C:\xampp\htdocs\MXPacGroup\system\View\View.php(214): include('C:\\xampp\\htdocs...')
#2 C:\xampp\htdocs\MXPacGroup\system\View\View.php(217): CodeIgniter\View\View->CodeIgniter\View\{closure}()
#3 C:\xampp\htdocs\MXPacGroup\system\View\View.php(230): CodeIgniter\View\View->render('includes/base', Array, true)
#4 C:\xampp\htdocs\MXPacGroup\system\Common.php(1097): CodeIgniter\View\View->render('auth/login', Array, true)
#5 C:\xampp\htdocs\MXPacGroup\app\Controllers\Auth.php(116): view('auth/login', Array)
#6 C:\xampp\htdocs\MXPacGroup\system\CodeIgniter.php(824): App\Controllers\Auth->login_controller()
#7 C:\xampp\htdocs\MXPacGroup\system\CodeIgniter.php(410): CodeIgniter\CodeIgniter->runController(Object(App\Controllers\Auth))
#8 C:\xampp\htdocs\MXPacGroup\system\CodeIgniter.php(318): CodeIgniter\CodeIgniter->handleRequest(NULL, Object(Config\Cache), false)
#9 C:\xampp\htdocs\MXPacGroup\index.php(37): CodeIgniter\CodeIgniter->run()
#10 {main}
CRITICAL - 2021-12-14 14:59:09 --> Undefined variable: userdata
#0 C:\xampp\htdocs\MXPacGroup\app\Views\includes\base.php(98): CodeIgniter\Debug\Exceptions->errorHandler(8, 'Undefined varia...', 'C:\\xampp\\htdocs...', 98, Array)
#1 C:\xampp\htdocs\MXPacGroup\system\View\View.php(214): include('C:\\xampp\\htdocs...')
#2 C:\xampp\htdocs\MXPacGroup\system\View\View.php(217): CodeIgniter\View\View->CodeIgniter\View\{closure}()
#3 C:\xampp\htdocs\MXPacGroup\system\View\View.php(230): CodeIgniter\View\View->render('includes/base', Array, true)
#4 C:\xampp\htdocs\MXPacGroup\system\Common.php(1097): CodeIgniter\View\View->render('auth/login', Array, true)
#5 C:\xampp\htdocs\MXPacGroup\app\Controllers\Auth.php(116): view('auth/login', Array)
#6 C:\xampp\htdocs\MXPacGroup\system\CodeIgniter.php(824): App\Controllers\Auth->login_controller()
#7 C:\xampp\htdocs\MXPacGroup\system\CodeIgniter.php(410): CodeIgniter\CodeIgniter->runController(Object(App\Controllers\Auth))
#8 C:\xampp\htdocs\MXPacGroup\system\CodeIgniter.php(318): CodeIgniter\CodeIgniter->handleRequest(NULL, Object(Config\Cache), false)
#9 C:\xampp\htdocs\MXPacGroup\index.php(37): CodeIgniter\CodeIgniter->run()
#10 {main}
