CRITICAL - 2021-11-19 00:18:32 --> Undefined property: CodeIgniter\View\View::$section
#0 C:\xampp\htdocs\MXPacGroup\app\Views\auth\activate_view.php(3): CodeIgniter\Debug\Exceptions->errorHandler(8, 'Undefined prope...', 'C:\\xampp\\htdocs...', 3, Array)
#1 C:\xampp\htdocs\MXPacGroup\system\View\View.php(214): include('C:\\xampp\\htdocs...')
#2 C:\xampp\htdocs\MXPacGroup\system\View\View.php(217): CodeIgniter\View\View->CodeIgniter\View\{closure}()
#3 C:\xampp\htdocs\MXPacGroup\system\Common.php(1097): CodeIgniter\View\View->render('auth/activate_v...', Array, true)
#4 C:\xampp\htdocs\MXPacGroup\app\Controllers\Auth.php(108): view('auth/activate_v...')
#5 C:\xampp\htdocs\MXPacGroup\system\CodeIgniter.php(824): App\Controllers\Auth->activate('4ddf80a8d904e70...')
#6 C:\xampp\htdocs\MXPacGroup\system\CodeIgniter.php(410): CodeIgniter\CodeIgniter->runController(Object(App\Controllers\Auth))
#7 C:\xampp\htdocs\MXPacGroup\system\CodeIgniter.php(318): CodeIgniter\CodeIgniter->handleRequest(NULL, Object(Config\Cache), false)
#8 C:\xampp\htdocs\MXPacGroup\index.php(37): CodeIgniter\CodeIgniter->run()
#9 {main}
CRITICAL - 2021-11-19 01:36:10 --> Call to undefined function App\Controllers\now()
#0 C:\xampp\htdocs\MXPacGroup\app\Controllers\Auth.php(114): App\Controllers\Auth->verifyExpiryTime('2021-11-19 12:0...')
#1 C:\xampp\htdocs\MXPacGroup\system\CodeIgniter.php(824): App\Controllers\Auth->activate('4ddf80a8d904e70...')
#2 C:\xampp\htdocs\MXPacGroup\system\CodeIgniter.php(410): CodeIgniter\CodeIgniter->runController(Object(App\Controllers\Auth))
#3 C:\xampp\htdocs\MXPacGroup\system\CodeIgniter.php(318): CodeIgniter\CodeIgniter->handleRequest(NULL, Object(Config\Cache), false)
#4 C:\xampp\htdocs\MXPacGroup\index.php(37): CodeIgniter\CodeIgniter->run()
#5 {main}
CRITICAL - 2021-11-19 02:38:22 --> Call to undefined function App\Controllers\now()
#0 C:\xampp\htdocs\MXPacGroup\app\Controllers\Auth.php(114): App\Controllers\Auth->verifyExpiryTime('2021-11-19 12:0...')
#1 C:\xampp\htdocs\MXPacGroup\system\CodeIgniter.php(824): App\Controllers\Auth->activate('4ddf80a8d904e70...')
#2 C:\xampp\htdocs\MXPacGroup\system\CodeIgniter.php(410): CodeIgniter\CodeIgniter->runController(Object(App\Controllers\Auth))
#3 C:\xampp\htdocs\MXPacGroup\system\CodeIgniter.php(318): CodeIgniter\CodeIgniter->handleRequest(NULL, Object(Config\Cache), false)
#4 C:\xampp\htdocs\MXPacGroup\index.php(37): CodeIgniter\CodeIgniter->run()
#5 {main}
CRITICAL - 2021-11-19 02:38:30 --> Call to undefined function App\Controllers\now()
#0 C:\xampp\htdocs\MXPacGroup\app\Controllers\Auth.php(114): App\Controllers\Auth->verifyExpiryTime('2021-11-19 12:0...')
#1 C:\xampp\htdocs\MXPacGroup\system\CodeIgniter.php(824): App\Controllers\Auth->activate('4ddf80a8d904e70...')
#2 C:\xampp\htdocs\MXPacGroup\system\CodeIgniter.php(410): CodeIgniter\CodeIgniter->runController(Object(App\Controllers\Auth))
#3 C:\xampp\htdocs\MXPacGroup\system\CodeIgniter.php(318): CodeIgniter\CodeIgniter->handleRequest(NULL, Object(Config\Cache), false)
#4 C:\xampp\htdocs\MXPacGroup\index.php(37): CodeIgniter\CodeIgniter->run()
#5 {main}
CRITICAL - 2021-11-19 02:38:33 --> Call to undefined function App\Controllers\now()
#0 C:\xampp\htdocs\MXPacGroup\app\Controllers\Auth.php(114): App\Controllers\Auth->verifyExpiryTime('2021-11-19 12:0...')
#1 C:\xampp\htdocs\MXPacGroup\system\CodeIgniter.php(824): App\Controllers\Auth->activate('4ddf80a8d904e70...')
#2 C:\xampp\htdocs\MXPacGroup\system\CodeIgniter.php(410): CodeIgniter\CodeIgniter->runController(Object(App\Controllers\Auth))
#3 C:\xampp\htdocs\MXPacGroup\system\CodeIgniter.php(318): CodeIgniter\CodeIgniter->handleRequest(NULL, Object(Config\Cache), false)
#4 C:\xampp\htdocs\MXPacGroup\index.php(37): CodeIgniter\CodeIgniter->run()
#5 {main}
CRITICAL - 2021-11-19 03:03:47 --> Invalid file: activate_view.php
#0 C:\xampp\htdocs\MXPacGroup\system\View\View.php(198): CodeIgniter\Exceptions\FrameworkException::forInvalidFile('activate_view.p...')
#1 C:\xampp\htdocs\MXPacGroup\system\Common.php(1097): CodeIgniter\View\View->render('activate_view', Array, true)
#2 C:\xampp\htdocs\MXPacGroup\app\Controllers\Auth.php(115): view('activate_view', Array)
#3 C:\xampp\htdocs\MXPacGroup\system\CodeIgniter.php(824): App\Controllers\Auth->activate('4ddf80a8d904e70...')
#4 C:\xampp\htdocs\MXPacGroup\system\CodeIgniter.php(410): CodeIgniter\CodeIgniter->runController(Object(App\Controllers\Auth))
#5 C:\xampp\htdocs\MXPacGroup\system\CodeIgniter.php(318): CodeIgniter\CodeIgniter->handleRequest(NULL, Object(Config\Cache), false)
#6 C:\xampp\htdocs\MXPacGroup\index.php(37): CodeIgniter\CodeIgniter->run()
#7 {main}
CRITICAL - 2021-11-19 03:03:49 --> Invalid file: activate_view.php
#0 C:\xampp\htdocs\MXPacGroup\system\View\View.php(198): CodeIgniter\Exceptions\FrameworkException::forInvalidFile('activate_view.p...')
#1 C:\xampp\htdocs\MXPacGroup\system\Common.php(1097): CodeIgniter\View\View->render('activate_view', Array, true)
#2 C:\xampp\htdocs\MXPacGroup\app\Controllers\Auth.php(115): view('activate_view', Array)
#3 C:\xampp\htdocs\MXPacGroup\system\CodeIgniter.php(824): App\Controllers\Auth->activate('4ddf80a8d904e70...')
#4 C:\xampp\htdocs\MXPacGroup\system\CodeIgniter.php(410): CodeIgniter\CodeIgniter->runController(Object(App\Controllers\Auth))
#5 C:\xampp\htdocs\MXPacGroup\system\CodeIgniter.php(318): CodeIgniter\CodeIgniter->handleRequest(NULL, Object(Config\Cache), false)
#6 C:\xampp\htdocs\MXPacGroup\index.php(37): CodeIgniter\CodeIgniter->run()
#7 {main}
CRITICAL - 2021-11-19 03:03:49 --> Invalid file: activate_view.php
#0 C:\xampp\htdocs\MXPacGroup\system\View\View.php(198): CodeIgniter\Exceptions\FrameworkException::forInvalidFile('activate_view.p...')
#1 C:\xampp\htdocs\MXPacGroup\system\Common.php(1097): CodeIgniter\View\View->render('activate_view', Array, true)
#2 C:\xampp\htdocs\MXPacGroup\app\Controllers\Auth.php(115): view('activate_view', Array)
#3 C:\xampp\htdocs\MXPacGroup\system\CodeIgniter.php(824): App\Controllers\Auth->activate('4ddf80a8d904e70...')
#4 C:\xampp\htdocs\MXPacGroup\system\CodeIgniter.php(410): CodeIgniter\CodeIgniter->runController(Object(App\Controllers\Auth))
#5 C:\xampp\htdocs\MXPacGroup\system\CodeIgniter.php(318): CodeIgniter\CodeIgniter->handleRequest(NULL, Object(Config\Cache), false)
#6 C:\xampp\htdocs\MXPacGroup\index.php(37): CodeIgniter\CodeIgniter->run()
#7 {main}
