CRITICAL - 2021-12-20 01:18:47 --> Undefined variable: key
#0 C:\xampp\htdocs\MXPacGroup\app\Views\NavbarContent\valeo_view.php(81): CodeIgniter\Debug\Exceptions->errorHandler(8, 'Undefined varia...', 'C:\\xampp\\htdocs...', 81, Array)
#1 C:\xampp\htdocs\MXPacGroup\system\View\View.php(214): include('C:\\xampp\\htdocs...')
#2 C:\xampp\htdocs\MXPacGroup\system\View\View.php(217): CodeIgniter\View\View->CodeIgniter\View\{closure}()
#3 C:\xampp\htdocs\MXPacGroup\system\Common.php(1097): CodeIgniter\View\View->render('NavbarContent/v...', Array, true)
#4 C:\xampp\htdocs\MXPacGroup\app\Controllers\Valeo.php(25): view('NavbarContent/v...', Array)
#5 C:\xampp\htdocs\MXPacGroup\system\CodeIgniter.php(824): App\Controllers\Valeo->valeo_controller()
#6 C:\xampp\htdocs\MXPacGroup\system\CodeIgniter.php(410): CodeIgniter\CodeIgniter->runController(Object(App\Controllers\Valeo))
#7 C:\xampp\htdocs\MXPacGroup\system\CodeIgniter.php(318): CodeIgniter\CodeIgniter->handleRequest(NULL, Object(Config\Cache), false)
#8 C:\xampp\htdocs\MXPacGroup\index.php(37): CodeIgniter\CodeIgniter->run()
#9 {main}
ERROR - 2021-12-20 01:27:52 --> Unknown column 'id' in 'field list'
CRITICAL - 2021-12-20 01:27:52 --> Unknown column 'id' in 'field list'
#0 C:\xampp\htdocs\MXPacGroup\system\Database\MySQLi\Connection.php(292): mysqli->query('SELECT id, user...', 0)
#1 C:\xampp\htdocs\MXPacGroup\system\Database\BaseConnection.php(670): CodeIgniter\Database\MySQLi\Connection->execute('SELECT id, user...')
#2 C:\xampp\htdocs\MXPacGroup\system\Database\BaseConnection.php(598): CodeIgniter\Database\BaseConnection->simpleQuery('SELECT id, user...')
#3 C:\xampp\htdocs\MXPacGroup\app\Controllers\Valeo.php(24): CodeIgniter\Database\BaseConnection->query('SELECT id, user...')
#4 C:\xampp\htdocs\MXPacGroup\system\CodeIgniter.php(824): App\Controllers\Valeo->valeo_controller()
#5 C:\xampp\htdocs\MXPacGroup\system\CodeIgniter.php(410): CodeIgniter\CodeIgniter->runController(Object(App\Controllers\Valeo))
#6 C:\xampp\htdocs\MXPacGroup\system\CodeIgniter.php(318): CodeIgniter\CodeIgniter->handleRequest(NULL, Object(Config\Cache), false)
#7 C:\xampp\htdocs\MXPacGroup\index.php(37): CodeIgniter\CodeIgniter->run()
#8 {main}
ERROR - 2021-12-20 01:28:50 --> Unknown column 'id' in 'field list'
CRITICAL - 2021-12-20 01:28:50 --> Unknown column 'id' in 'field list'
#0 C:\xampp\htdocs\MXPacGroup\system\Database\MySQLi\Connection.php(292): mysqli->query('SELECT id, user...', 0)
#1 C:\xampp\htdocs\MXPacGroup\system\Database\BaseConnection.php(670): CodeIgniter\Database\MySQLi\Connection->execute('SELECT id, user...')
#2 C:\xampp\htdocs\MXPacGroup\system\Database\BaseConnection.php(598): CodeIgniter\Database\BaseConnection->simpleQuery('SELECT id, user...')
#3 C:\xampp\htdocs\MXPacGroup\app\Controllers\Valeo.php(24): CodeIgniter\Database\BaseConnection->query('SELECT id, user...')
#4 C:\xampp\htdocs\MXPacGroup\system\CodeIgniter.php(824): App\Controllers\Valeo->valeo_controller()
#5 C:\xampp\htdocs\MXPacGroup\system\CodeIgniter.php(410): CodeIgniter\CodeIgniter->runController(Object(App\Controllers\Valeo))
#6 C:\xampp\htdocs\MXPacGroup\system\CodeIgniter.php(318): CodeIgniter\CodeIgniter->handleRequest(NULL, Object(Config\Cache), false)
#7 C:\xampp\htdocs\MXPacGroup\index.php(37): CodeIgniter\CodeIgniter->run()
#8 {main}
ERROR - 2021-12-20 01:28:51 --> Unknown column 'id' in 'field list'
CRITICAL - 2021-12-20 01:28:51 --> Unknown column 'id' in 'field list'
#0 C:\xampp\htdocs\MXPacGroup\system\Database\MySQLi\Connection.php(292): mysqli->query('SELECT id, user...', 0)
#1 C:\xampp\htdocs\MXPacGroup\system\Database\BaseConnection.php(670): CodeIgniter\Database\MySQLi\Connection->execute('SELECT id, user...')
#2 C:\xampp\htdocs\MXPacGroup\system\Database\BaseConnection.php(598): CodeIgniter\Database\BaseConnection->simpleQuery('SELECT id, user...')
#3 C:\xampp\htdocs\MXPacGroup\app\Controllers\Valeo.php(24): CodeIgniter\Database\BaseConnection->query('SELECT id, user...')
#4 C:\xampp\htdocs\MXPacGroup\system\CodeIgniter.php(824): App\Controllers\Valeo->valeo_controller()
#5 C:\xampp\htdocs\MXPacGroup\system\CodeIgniter.php(410): CodeIgniter\CodeIgniter->runController(Object(App\Controllers\Valeo))
#6 C:\xampp\htdocs\MXPacGroup\system\CodeIgniter.php(318): CodeIgniter\CodeIgniter->handleRequest(NULL, Object(Config\Cache), false)
#7 C:\xampp\htdocs\MXPacGroup\index.php(37): CodeIgniter\CodeIgniter->run()
#8 {main}
ERROR - 2021-12-20 01:28:52 --> Unknown column 'id' in 'field list'
CRITICAL - 2021-12-20 01:28:52 --> Unknown column 'id' in 'field list'
#0 C:\xampp\htdocs\MXPacGroup\system\Database\MySQLi\Connection.php(292): mysqli->query('SELECT id, user...', 0)
#1 C:\xampp\htdocs\MXPacGroup\system\Database\BaseConnection.php(670): CodeIgniter\Database\MySQLi\Connection->execute('SELECT id, user...')
#2 C:\xampp\htdocs\MXPacGroup\system\Database\BaseConnection.php(598): CodeIgniter\Database\BaseConnection->simpleQuery('SELECT id, user...')
#3 C:\xampp\htdocs\MXPacGroup\app\Controllers\Valeo.php(24): CodeIgniter\Database\BaseConnection->query('SELECT id, user...')
#4 C:\xampp\htdocs\MXPacGroup\system\CodeIgniter.php(824): App\Controllers\Valeo->valeo_controller()
#5 C:\xampp\htdocs\MXPacGroup\system\CodeIgniter.php(410): CodeIgniter\CodeIgniter->runController(Object(App\Controllers\Valeo))
#6 C:\xampp\htdocs\MXPacGroup\system\CodeIgniter.php(318): CodeIgniter\CodeIgniter->handleRequest(NULL, Object(Config\Cache), false)
#7 C:\xampp\htdocs\MXPacGroup\index.php(37): CodeIgniter\CodeIgniter->run()
#8 {main}
ERROR - 2021-12-20 01:29:56 --> Unknown column 'id' in 'field list'
CRITICAL - 2021-12-20 01:29:56 --> Unknown column 'id' in 'field list'
#0 C:\xampp\htdocs\MXPacGroup\system\Database\MySQLi\Connection.php(292): mysqli->query('SELECT id, user...', 0)
#1 C:\xampp\htdocs\MXPacGroup\system\Database\BaseConnection.php(670): CodeIgniter\Database\MySQLi\Connection->execute('SELECT id, user...')
#2 C:\xampp\htdocs\MXPacGroup\system\Database\BaseConnection.php(598): CodeIgniter\Database\BaseConnection->simpleQuery('SELECT id, user...')
#3 C:\xampp\htdocs\MXPacGroup\app\Controllers\Valeo.php(24): CodeIgniter\Database\BaseConnection->query('SELECT id, user...')
#4 C:\xampp\htdocs\MXPacGroup\system\CodeIgniter.php(824): App\Controllers\Valeo->valeo_controller()
#5 C:\xampp\htdocs\MXPacGroup\system\CodeIgniter.php(410): CodeIgniter\CodeIgniter->runController(Object(App\Controllers\Valeo))
#6 C:\xampp\htdocs\MXPacGroup\system\CodeIgniter.php(318): CodeIgniter\CodeIgniter->handleRequest(NULL, Object(Config\Cache), false)
#7 C:\xampp\htdocs\MXPacGroup\index.php(37): CodeIgniter\CodeIgniter->run()
#8 {main}
ERROR - 2021-12-20 01:29:57 --> Unknown column 'id' in 'field list'
CRITICAL - 2021-12-20 01:29:57 --> Unknown column 'id' in 'field list'
#0 C:\xampp\htdocs\MXPacGroup\system\Database\MySQLi\Connection.php(292): mysqli->query('SELECT id, user...', 0)
#1 C:\xampp\htdocs\MXPacGroup\system\Database\BaseConnection.php(670): CodeIgniter\Database\MySQLi\Connection->execute('SELECT id, user...')
#2 C:\xampp\htdocs\MXPacGroup\system\Database\BaseConnection.php(598): CodeIgniter\Database\BaseConnection->simpleQuery('SELECT id, user...')
#3 C:\xampp\htdocs\MXPacGroup\app\Controllers\Valeo.php(24): CodeIgniter\Database\BaseConnection->query('SELECT id, user...')
#4 C:\xampp\htdocs\MXPacGroup\system\CodeIgniter.php(824): App\Controllers\Valeo->valeo_controller()
#5 C:\xampp\htdocs\MXPacGroup\system\CodeIgniter.php(410): CodeIgniter\CodeIgniter->runController(Object(App\Controllers\Valeo))
#6 C:\xampp\htdocs\MXPacGroup\system\CodeIgniter.php(318): CodeIgniter\CodeIgniter->handleRequest(NULL, Object(Config\Cache), false)
#7 C:\xampp\htdocs\MXPacGroup\index.php(37): CodeIgniter\CodeIgniter->run()
#8 {main}
CRITICAL - 2021-12-20 03:52:04 --> Undefined variable: userlevel
#0 C:\xampp\htdocs\MXPacGroup\app\Views\NavbarContent\canvasMove.php(81): CodeIgniter\Debug\Exceptions->errorHandler(8, 'Undefined varia...', 'C:\\xampp\\htdocs...', 81, Array)
#1 C:\xampp\htdocs\MXPacGroup\system\View\View.php(214): include('C:\\xampp\\htdocs...')
#2 C:\xampp\htdocs\MXPacGroup\system\View\View.php(217): CodeIgniter\View\View->CodeIgniter\View\{closure}()
#3 C:\xampp\htdocs\MXPacGroup\system\Common.php(1097): CodeIgniter\View\View->render('NavbarContent/c...', Array, true)
#4 C:\xampp\htdocs\MXPacGroup\app\Controllers\canvasMove.php(29): view('NavbarContent/c...', Array)
#5 C:\xampp\htdocs\MXPacGroup\system\CodeIgniter.php(824): App\Controllers\canvasMove->canvasMove_controller()
#6 C:\xampp\htdocs\MXPacGroup\system\CodeIgniter.php(410): CodeIgniter\CodeIgniter->runController(Object(App\Controllers\canvasMove))
#7 C:\xampp\htdocs\MXPacGroup\system\CodeIgniter.php(318): CodeIgniter\CodeIgniter->handleRequest(NULL, Object(Config\Cache), false)
#8 C:\xampp\htdocs\MXPacGroup\index.php(37): CodeIgniter\CodeIgniter->run()
#9 {main}
