CRITICAL - 2021-12-21 11:05:19 --> Undefined variable: userdata
#0 C:\xampp\htdocs\MXPacGroup\app\Views\includes\base.php(105): CodeIgniter\Debug\Exceptions->errorHandler(8, 'Undefined varia...', 'C:\\xampp\\htdocs...', 105, Array)
#1 C:\xampp\htdocs\MXPacGroup\system\View\View.php(214): include('C:\\xampp\\htdocs...')
#2 C:\xampp\htdocs\MXPacGroup\system\View\View.php(217): CodeIgniter\View\View->CodeIgniter\View\{closure}()
#3 C:\xampp\htdocs\MXPacGroup\system\View\View.php(230): CodeIgniter\View\View->render('includes/base', Array, true)
#4 C:\xampp\htdocs\MXPacGroup\system\Common.php(1097): CodeIgniter\View\View->render('errors/custom_e...', Array, true)
#5 C:\xampp\htdocs\MXPacGroup\app\Config\Routes.php(50): view('errors/custom_e...')
#6 C:\xampp\htdocs\MXPacGroup\system\CodeIgniter.php(841): CodeIgniter\Router\RouteCollection->Config\{closure}('Controller or i...')
#7 C:\xampp\htdocs\MXPacGroup\system\CodeIgniter.php(332): CodeIgniter\CodeIgniter->display404errors(Object(CodeIgniter\Exceptions\PageNotFoundException))
#8 C:\xampp\htdocs\MXPacGroup\index.php(37): CodeIgniter\CodeIgniter->run()
#9 {main}
CRITICAL - 2021-12-21 11:06:46 --> Undefined variable: userdata
#0 C:\xampp\htdocs\MXPacGroup\app\Views\includes\base.php(105): CodeIgniter\Debug\Exceptions->errorHandler(8, 'Undefined varia...', 'C:\\xampp\\htdocs...', 105, Array)
#1 C:\xampp\htdocs\MXPacGroup\system\View\View.php(214): include('C:\\xampp\\htdocs...')
#2 C:\xampp\htdocs\MXPacGroup\system\View\View.php(217): CodeIgniter\View\View->CodeIgniter\View\{closure}()
#3 C:\xampp\htdocs\MXPacGroup\system\View\View.php(230): CodeIgniter\View\View->render('includes/base', Array, true)
#4 C:\xampp\htdocs\MXPacGroup\system\Common.php(1097): CodeIgniter\View\View->render('errors/custom_e...', Array, true)
#5 C:\xampp\htdocs\MXPacGroup\app\Config\Routes.php(50): view('errors/custom_e...')
#6 C:\xampp\htdocs\MXPacGroup\system\CodeIgniter.php(841): CodeIgniter\Router\RouteCollection->Config\{closure}('Controller or i...')
#7 C:\xampp\htdocs\MXPacGroup\system\CodeIgniter.php(332): CodeIgniter\CodeIgniter->display404errors(Object(CodeIgniter\Exceptions\PageNotFoundException))
#8 C:\xampp\htdocs\MXPacGroup\index.php(37): CodeIgniter\CodeIgniter->run()
#9 {main}
CRITICAL - 2021-12-21 11:06:48 --> Undefined variable: userdata
#0 C:\xampp\htdocs\MXPacGroup\app\Views\includes\base.php(105): CodeIgniter\Debug\Exceptions->errorHandler(8, 'Undefined varia...', 'C:\\xampp\\htdocs...', 105, Array)
#1 C:\xampp\htdocs\MXPacGroup\system\View\View.php(214): include('C:\\xampp\\htdocs...')
#2 C:\xampp\htdocs\MXPacGroup\system\View\View.php(217): CodeIgniter\View\View->CodeIgniter\View\{closure}()
#3 C:\xampp\htdocs\MXPacGroup\system\View\View.php(230): CodeIgniter\View\View->render('includes/base', Array, true)
#4 C:\xampp\htdocs\MXPacGroup\system\Common.php(1097): CodeIgniter\View\View->render('errors/custom_e...', Array, true)
#5 C:\xampp\htdocs\MXPacGroup\app\Config\Routes.php(50): view('errors/custom_e...')
#6 C:\xampp\htdocs\MXPacGroup\system\CodeIgniter.php(841): CodeIgniter\Router\RouteCollection->Config\{closure}('Controller or i...')
#7 C:\xampp\htdocs\MXPacGroup\system\CodeIgniter.php(332): CodeIgniter\CodeIgniter->display404errors(Object(CodeIgniter\Exceptions\PageNotFoundException))
#8 C:\xampp\htdocs\MXPacGroup\index.php(37): CodeIgniter\CodeIgniter->run()
#9 {main}
CRITICAL - 2021-12-21 11:10:01 --> Undefined variable: userdata
#0 C:\xampp\htdocs\MXPacGroup\app\Views\includes\base.php(105): CodeIgniter\Debug\Exceptions->errorHandler(8, 'Undefined varia...', 'C:\\xampp\\htdocs...', 105, Array)
#1 C:\xampp\htdocs\MXPacGroup\system\View\View.php(214): include('C:\\xampp\\htdocs...')
#2 C:\xampp\htdocs\MXPacGroup\system\View\View.php(217): CodeIgniter\View\View->CodeIgniter\View\{closure}()
#3 C:\xampp\htdocs\MXPacGroup\system\View\View.php(230): CodeIgniter\View\View->render('includes/base', Array, true)
#4 C:\xampp\htdocs\MXPacGroup\system\Common.php(1097): CodeIgniter\View\View->render('errors/custom_e...', Array, true)
#5 C:\xampp\htdocs\MXPacGroup\app\Config\Routes.php(50): view('errors/custom_e...')
#6 C:\xampp\htdocs\MXPacGroup\system\CodeIgniter.php(841): CodeIgniter\Router\RouteCollection->Config\{closure}('Controller or i...')
#7 C:\xampp\htdocs\MXPacGroup\system\CodeIgniter.php(332): CodeIgniter\CodeIgniter->display404errors(Object(CodeIgniter\Exceptions\PageNotFoundException))
#8 C:\xampp\htdocs\MXPacGroup\index.php(37): CodeIgniter\CodeIgniter->run()
#9 {main}
CRITICAL - 2021-12-21 11:10:13 --> Undefined variable: userdata
#0 C:\xampp\htdocs\MXPacGroup\app\Views\includes\base.php(105): CodeIgniter\Debug\Exceptions->errorHandler(8, 'Undefined varia...', 'C:\\xampp\\htdocs...', 105, Array)
#1 C:\xampp\htdocs\MXPacGroup\system\View\View.php(214): include('C:\\xampp\\htdocs...')
#2 C:\xampp\htdocs\MXPacGroup\system\View\View.php(217): CodeIgniter\View\View->CodeIgniter\View\{closure}()
#3 C:\xampp\htdocs\MXPacGroup\system\View\View.php(230): CodeIgniter\View\View->render('includes/base', Array, true)
#4 C:\xampp\htdocs\MXPacGroup\system\Common.php(1097): CodeIgniter\View\View->render('errors/custom_e...', Array, true)
#5 C:\xampp\htdocs\MXPacGroup\app\Config\Routes.php(50): view('errors/custom_e...')
#6 C:\xampp\htdocs\MXPacGroup\system\CodeIgniter.php(841): CodeIgniter\Router\RouteCollection->Config\{closure}('Controller or i...')
#7 C:\xampp\htdocs\MXPacGroup\system\CodeIgniter.php(332): CodeIgniter\CodeIgniter->display404errors(Object(CodeIgniter\Exceptions\PageNotFoundException))
#8 C:\xampp\htdocs\MXPacGroup\index.php(37): CodeIgniter\CodeIgniter->run()
#9 {main}
CRITICAL - 2021-12-21 11:12:15 --> Undefined variable: userdata
#0 C:\xampp\htdocs\MXPacGroup\app\Views\includes\base.php(105): CodeIgniter\Debug\Exceptions->errorHandler(8, 'Undefined varia...', 'C:\\xampp\\htdocs...', 105, Array)
#1 C:\xampp\htdocs\MXPacGroup\system\View\View.php(214): include('C:\\xampp\\htdocs...')
#2 C:\xampp\htdocs\MXPacGroup\system\View\View.php(217): CodeIgniter\View\View->CodeIgniter\View\{closure}()
#3 C:\xampp\htdocs\MXPacGroup\system\View\View.php(230): CodeIgniter\View\View->render('includes/base', Array, true)
#4 C:\xampp\htdocs\MXPacGroup\system\Common.php(1097): CodeIgniter\View\View->render('errors/custom_e...', Array, true)
#5 C:\xampp\htdocs\MXPacGroup\app\Config\Routes.php(50): view('errors/custom_e...')
#6 C:\xampp\htdocs\MXPacGroup\system\CodeIgniter.php(841): CodeIgniter\Router\RouteCollection->Config\{closure}('Controller or i...')
#7 C:\xampp\htdocs\MXPacGroup\system\CodeIgniter.php(332): CodeIgniter\CodeIgniter->display404errors(Object(CodeIgniter\Exceptions\PageNotFoundException))
#8 C:\xampp\htdocs\MXPacGroup\index.php(37): CodeIgniter\CodeIgniter->run()
#9 {main}
CRITICAL - 2021-12-21 11:12:15 --> Undefined variable: userdata
#0 C:\xampp\htdocs\MXPacGroup\app\Views\includes\base.php(105): CodeIgniter\Debug\Exceptions->errorHandler(8, 'Undefined varia...', 'C:\\xampp\\htdocs...', 105, Array)
#1 C:\xampp\htdocs\MXPacGroup\system\View\View.php(214): include('C:\\xampp\\htdocs...')
#2 C:\xampp\htdocs\MXPacGroup\system\View\View.php(217): CodeIgniter\View\View->CodeIgniter\View\{closure}()
#3 C:\xampp\htdocs\MXPacGroup\system\View\View.php(230): CodeIgniter\View\View->render('includes/base', Array, true)
#4 C:\xampp\htdocs\MXPacGroup\system\Common.php(1097): CodeIgniter\View\View->render('errors/custom_e...', Array, true)
#5 C:\xampp\htdocs\MXPacGroup\app\Config\Routes.php(50): view('errors/custom_e...')
#6 C:\xampp\htdocs\MXPacGroup\system\CodeIgniter.php(841): CodeIgniter\Router\RouteCollection->Config\{closure}('Controller or i...')
#7 C:\xampp\htdocs\MXPacGroup\system\CodeIgniter.php(332): CodeIgniter\CodeIgniter->display404errors(Object(CodeIgniter\Exceptions\PageNotFoundException))
#8 C:\xampp\htdocs\MXPacGroup\index.php(37): CodeIgniter\CodeIgniter->run()
#9 {main}
CRITICAL - 2021-12-21 11:12:18 --> Undefined variable: userdata
#0 C:\xampp\htdocs\MXPacGroup\app\Views\includes\base.php(105): CodeIgniter\Debug\Exceptions->errorHandler(8, 'Undefined varia...', 'C:\\xampp\\htdocs...', 105, Array)
#1 C:\xampp\htdocs\MXPacGroup\system\View\View.php(214): include('C:\\xampp\\htdocs...')
#2 C:\xampp\htdocs\MXPacGroup\system\View\View.php(217): CodeIgniter\View\View->CodeIgniter\View\{closure}()
#3 C:\xampp\htdocs\MXPacGroup\system\View\View.php(230): CodeIgniter\View\View->render('includes/base', Array, true)
#4 C:\xampp\htdocs\MXPacGroup\system\Common.php(1097): CodeIgniter\View\View->render('errors/custom_e...', Array, true)
#5 C:\xampp\htdocs\MXPacGroup\app\Config\Routes.php(50): view('errors/custom_e...')
#6 C:\xampp\htdocs\MXPacGroup\system\CodeIgniter.php(841): CodeIgniter\Router\RouteCollection->Config\{closure}('Controller or i...')
#7 C:\xampp\htdocs\MXPacGroup\system\CodeIgniter.php(332): CodeIgniter\CodeIgniter->display404errors(Object(CodeIgniter\Exceptions\PageNotFoundException))
#8 C:\xampp\htdocs\MXPacGroup\index.php(37): CodeIgniter\CodeIgniter->run()
#9 {main}
CRITICAL - 2021-12-21 11:12:18 --> Undefined variable: userdata
#0 C:\xampp\htdocs\MXPacGroup\app\Views\includes\base.php(105): CodeIgniter\Debug\Exceptions->errorHandler(8, 'Undefined varia...', 'C:\\xampp\\htdocs...', 105, Array)
#1 C:\xampp\htdocs\MXPacGroup\system\View\View.php(214): include('C:\\xampp\\htdocs...')
#2 C:\xampp\htdocs\MXPacGroup\system\View\View.php(217): CodeIgniter\View\View->CodeIgniter\View\{closure}()
#3 C:\xampp\htdocs\MXPacGroup\system\View\View.php(230): CodeIgniter\View\View->render('includes/base', Array, true)
#4 C:\xampp\htdocs\MXPacGroup\system\Common.php(1097): CodeIgniter\View\View->render('errors/custom_e...', Array, true)
#5 C:\xampp\htdocs\MXPacGroup\app\Config\Routes.php(50): view('errors/custom_e...')
#6 C:\xampp\htdocs\MXPacGroup\system\CodeIgniter.php(841): CodeIgniter\Router\RouteCollection->Config\{closure}('Controller or i...')
#7 C:\xampp\htdocs\MXPacGroup\system\CodeIgniter.php(332): CodeIgniter\CodeIgniter->display404errors(Object(CodeIgniter\Exceptions\PageNotFoundException))
#8 C:\xampp\htdocs\MXPacGroup\index.php(37): CodeIgniter\CodeIgniter->run()
#9 {main}
CRITICAL - 2021-12-21 11:12:32 --> Undefined variable: userdata
#0 C:\xampp\htdocs\MXPacGroup\app\Views\includes\base.php(105): CodeIgniter\Debug\Exceptions->errorHandler(8, 'Undefined varia...', 'C:\\xampp\\htdocs...', 105, Array)
#1 C:\xampp\htdocs\MXPacGroup\system\View\View.php(214): include('C:\\xampp\\htdocs...')
#2 C:\xampp\htdocs\MXPacGroup\system\View\View.php(217): CodeIgniter\View\View->CodeIgniter\View\{closure}()
#3 C:\xampp\htdocs\MXPacGroup\system\View\View.php(230): CodeIgniter\View\View->render('includes/base', Array, true)
#4 C:\xampp\htdocs\MXPacGroup\system\Common.php(1097): CodeIgniter\View\View->render('errors/custom_e...', Array, true)
#5 C:\xampp\htdocs\MXPacGroup\app\Config\Routes.php(50): view('errors/custom_e...')
#6 C:\xampp\htdocs\MXPacGroup\system\CodeIgniter.php(841): CodeIgniter\Router\RouteCollection->Config\{closure}('Controller or i...')
#7 C:\xampp\htdocs\MXPacGroup\system\CodeIgniter.php(332): CodeIgniter\CodeIgniter->display404errors(Object(CodeIgniter\Exceptions\PageNotFoundException))
#8 C:\xampp\htdocs\MXPacGroup\index.php(37): CodeIgniter\CodeIgniter->run()
#9 {main}
CRITICAL - 2021-12-21 11:12:32 --> Undefined variable: userdata
#0 C:\xampp\htdocs\MXPacGroup\app\Views\includes\base.php(105): CodeIgniter\Debug\Exceptions->errorHandler(8, 'Undefined varia...', 'C:\\xampp\\htdocs...', 105, Array)
#1 C:\xampp\htdocs\MXPacGroup\system\View\View.php(214): include('C:\\xampp\\htdocs...')
#2 C:\xampp\htdocs\MXPacGroup\system\View\View.php(217): CodeIgniter\View\View->CodeIgniter\View\{closure}()
#3 C:\xampp\htdocs\MXPacGroup\system\View\View.php(230): CodeIgniter\View\View->render('includes/base', Array, true)
#4 C:\xampp\htdocs\MXPacGroup\system\Common.php(1097): CodeIgniter\View\View->render('errors/custom_e...', Array, true)
#5 C:\xampp\htdocs\MXPacGroup\app\Config\Routes.php(50): view('errors/custom_e...')
#6 C:\xampp\htdocs\MXPacGroup\system\CodeIgniter.php(841): CodeIgniter\Router\RouteCollection->Config\{closure}('Controller or i...')
#7 C:\xampp\htdocs\MXPacGroup\system\CodeIgniter.php(332): CodeIgniter\CodeIgniter->display404errors(Object(CodeIgniter\Exceptions\PageNotFoundException))
#8 C:\xampp\htdocs\MXPacGroup\index.php(37): CodeIgniter\CodeIgniter->run()
#9 {main}
CRITICAL - 2021-12-21 12:27:07 --> Undefined variable: userdata
#0 C:\xampp\htdocs\MXPacGroup\app\Views\includes\base.php(105): CodeIgniter\Debug\Exceptions->errorHandler(8, 'Undefined varia...', 'C:\\xampp\\htdocs...', 105, Array)
#1 C:\xampp\htdocs\MXPacGroup\system\View\View.php(214): include('C:\\xampp\\htdocs...')
#2 C:\xampp\htdocs\MXPacGroup\system\View\View.php(217): CodeIgniter\View\View->CodeIgniter\View\{closure}()
#3 C:\xampp\htdocs\MXPacGroup\system\View\View.php(230): CodeIgniter\View\View->render('includes/base', Array, true)
#4 C:\xampp\htdocs\MXPacGroup\system\Common.php(1097): CodeIgniter\View\View->render('errors/custom_e...', Array, true)
#5 C:\xampp\htdocs\MXPacGroup\app\Config\Routes.php(50): view('errors/custom_e...')
#6 C:\xampp\htdocs\MXPacGroup\system\CodeIgniter.php(841): CodeIgniter\Router\RouteCollection->Config\{closure}('Controller meth...')
#7 C:\xampp\htdocs\MXPacGroup\system\CodeIgniter.php(332): CodeIgniter\CodeIgniter->display404errors(Object(CodeIgniter\Exceptions\PageNotFoundException))
#8 C:\xampp\htdocs\MXPacGroup\index.php(37): CodeIgniter\CodeIgniter->run()
#9 {main}
CRITICAL - 2021-12-21 12:27:10 --> Undefined variable: userdata
#0 C:\xampp\htdocs\MXPacGroup\app\Views\includes\base.php(105): CodeIgniter\Debug\Exceptions->errorHandler(8, 'Undefined varia...', 'C:\\xampp\\htdocs...', 105, Array)
#1 C:\xampp\htdocs\MXPacGroup\system\View\View.php(214): include('C:\\xampp\\htdocs...')
#2 C:\xampp\htdocs\MXPacGroup\system\View\View.php(217): CodeIgniter\View\View->CodeIgniter\View\{closure}()
#3 C:\xampp\htdocs\MXPacGroup\system\View\View.php(230): CodeIgniter\View\View->render('includes/base', Array, true)
#4 C:\xampp\htdocs\MXPacGroup\system\Common.php(1097): CodeIgniter\View\View->render('errors/custom_e...', Array, true)
#5 C:\xampp\htdocs\MXPacGroup\app\Config\Routes.php(50): view('errors/custom_e...')
#6 C:\xampp\htdocs\MXPacGroup\system\CodeIgniter.php(841): CodeIgniter\Router\RouteCollection->Config\{closure}('Controller meth...')
#7 C:\xampp\htdocs\MXPacGroup\system\CodeIgniter.php(332): CodeIgniter\CodeIgniter->display404errors(Object(CodeIgniter\Exceptions\PageNotFoundException))
#8 C:\xampp\htdocs\MXPacGroup\index.php(37): CodeIgniter\CodeIgniter->run()
#9 {main}
CRITICAL - 2021-12-21 12:27:26 --> Undefined variable: userdata
#0 C:\xampp\htdocs\MXPacGroup\app\Views\includes\base.php(105): CodeIgniter\Debug\Exceptions->errorHandler(8, 'Undefined varia...', 'C:\\xampp\\htdocs...', 105, Array)
#1 C:\xampp\htdocs\MXPacGroup\system\View\View.php(214): include('C:\\xampp\\htdocs...')
#2 C:\xampp\htdocs\MXPacGroup\system\View\View.php(217): CodeIgniter\View\View->CodeIgniter\View\{closure}()
#3 C:\xampp\htdocs\MXPacGroup\system\View\View.php(230): CodeIgniter\View\View->render('includes/base', Array, true)
#4 C:\xampp\htdocs\MXPacGroup\system\Common.php(1097): CodeIgniter\View\View->render('errors/custom_e...', Array, true)
#5 C:\xampp\htdocs\MXPacGroup\app\Config\Routes.php(50): view('errors/custom_e...')
#6 C:\xampp\htdocs\MXPacGroup\system\CodeIgniter.php(841): CodeIgniter\Router\RouteCollection->Config\{closure}('Controller meth...')
#7 C:\xampp\htdocs\MXPacGroup\system\CodeIgniter.php(332): CodeIgniter\CodeIgniter->display404errors(Object(CodeIgniter\Exceptions\PageNotFoundException))
#8 C:\xampp\htdocs\MXPacGroup\index.php(37): CodeIgniter\CodeIgniter->run()
#9 {main}
CRITICAL - 2021-12-21 12:29:33 --> Undefined variable: userdata
#0 C:\xampp\htdocs\MXPacGroup\app\Views\includes\base.php(105): CodeIgniter\Debug\Exceptions->errorHandler(8, 'Undefined varia...', 'C:\\xampp\\htdocs...', 105, Array)
#1 C:\xampp\htdocs\MXPacGroup\system\View\View.php(214): include('C:\\xampp\\htdocs...')
#2 C:\xampp\htdocs\MXPacGroup\system\View\View.php(217): CodeIgniter\View\View->CodeIgniter\View\{closure}()
#3 C:\xampp\htdocs\MXPacGroup\system\View\View.php(230): CodeIgniter\View\View->render('includes/base', Array, true)
#4 C:\xampp\htdocs\MXPacGroup\system\Common.php(1097): CodeIgniter\View\View->render('errors/custom_e...', Array, true)
#5 C:\xampp\htdocs\MXPacGroup\app\Config\Routes.php(50): view('errors/custom_e...')
#6 C:\xampp\htdocs\MXPacGroup\system\CodeIgniter.php(841): CodeIgniter\Router\RouteCollection->Config\{closure}('Controller meth...')
#7 C:\xampp\htdocs\MXPacGroup\system\CodeIgniter.php(332): CodeIgniter\CodeIgniter->display404errors(Object(CodeIgniter\Exceptions\PageNotFoundException))
#8 C:\xampp\htdocs\MXPacGroup\index.php(37): CodeIgniter\CodeIgniter->run()
#9 {main}
CRITICAL - 2021-12-21 12:29:36 --> Undefined variable: userdata
#0 C:\xampp\htdocs\MXPacGroup\app\Views\includes\base.php(105): CodeIgniter\Debug\Exceptions->errorHandler(8, 'Undefined varia...', 'C:\\xampp\\htdocs...', 105, Array)
#1 C:\xampp\htdocs\MXPacGroup\system\View\View.php(214): include('C:\\xampp\\htdocs...')
#2 C:\xampp\htdocs\MXPacGroup\system\View\View.php(217): CodeIgniter\View\View->CodeIgniter\View\{closure}()
#3 C:\xampp\htdocs\MXPacGroup\system\View\View.php(230): CodeIgniter\View\View->render('includes/base', Array, true)
#4 C:\xampp\htdocs\MXPacGroup\system\Common.php(1097): CodeIgniter\View\View->render('errors/custom_e...', Array, true)
#5 C:\xampp\htdocs\MXPacGroup\app\Config\Routes.php(50): view('errors/custom_e...')
#6 C:\xampp\htdocs\MXPacGroup\system\CodeIgniter.php(841): CodeIgniter\Router\RouteCollection->Config\{closure}('Controller meth...')
#7 C:\xampp\htdocs\MXPacGroup\system\CodeIgniter.php(332): CodeIgniter\CodeIgniter->display404errors(Object(CodeIgniter\Exceptions\PageNotFoundException))
#8 C:\xampp\htdocs\MXPacGroup\index.php(37): CodeIgniter\CodeIgniter->run()
#9 {main}
CRITICAL - 2021-12-21 12:32:58 --> Undefined variable: userdata
#0 C:\xampp\htdocs\MXPacGroup\app\Views\includes\base.php(105): CodeIgniter\Debug\Exceptions->errorHandler(8, 'Undefined varia...', 'C:\\xampp\\htdocs...', 105, Array)
#1 C:\xampp\htdocs\MXPacGroup\system\View\View.php(214): include('C:\\xampp\\htdocs...')
#2 C:\xampp\htdocs\MXPacGroup\system\View\View.php(217): CodeIgniter\View\View->CodeIgniter\View\{closure}()
#3 C:\xampp\htdocs\MXPacGroup\system\View\View.php(230): CodeIgniter\View\View->render('includes/base', Array, true)
#4 C:\xampp\htdocs\MXPacGroup\system\Common.php(1097): CodeIgniter\View\View->render('errors/custom_e...', Array, true)
#5 C:\xampp\htdocs\MXPacGroup\app\Config\Routes.php(50): view('errors/custom_e...')
#6 C:\xampp\htdocs\MXPacGroup\system\CodeIgniter.php(841): CodeIgniter\Router\RouteCollection->Config\{closure}('Controller meth...')
#7 C:\xampp\htdocs\MXPacGroup\system\CodeIgniter.php(332): CodeIgniter\CodeIgniter->display404errors(Object(CodeIgniter\Exceptions\PageNotFoundException))
#8 C:\xampp\htdocs\MXPacGroup\index.php(37): CodeIgniter\CodeIgniter->run()
#9 {main}
CRITICAL - 2021-12-21 12:34:31 --> Undefined variable: userdata
#0 C:\xampp\htdocs\MXPacGroup\app\Views\includes\base.php(105): CodeIgniter\Debug\Exceptions->errorHandler(8, 'Undefined varia...', 'C:\\xampp\\htdocs...', 105, Array)
#1 C:\xampp\htdocs\MXPacGroup\system\View\View.php(214): include('C:\\xampp\\htdocs...')
#2 C:\xampp\htdocs\MXPacGroup\system\View\View.php(217): CodeIgniter\View\View->CodeIgniter\View\{closure}()
#3 C:\xampp\htdocs\MXPacGroup\system\View\View.php(230): CodeIgniter\View\View->render('includes/base', Array, true)
#4 C:\xampp\htdocs\MXPacGroup\system\Common.php(1097): CodeIgniter\View\View->render('errors/custom_e...', Array, true)
#5 C:\xampp\htdocs\MXPacGroup\app\Config\Routes.php(50): view('errors/custom_e...')
#6 C:\xampp\htdocs\MXPacGroup\system\CodeIgniter.php(841): CodeIgniter\Router\RouteCollection->Config\{closure}('Controller meth...')
#7 C:\xampp\htdocs\MXPacGroup\system\CodeIgniter.php(332): CodeIgniter\CodeIgniter->display404errors(Object(CodeIgniter\Exceptions\PageNotFoundException))
#8 C:\xampp\htdocs\MXPacGroup\index.php(37): CodeIgniter\CodeIgniter->run()
#9 {main}
CRITICAL - 2021-12-21 12:35:09 --> Undefined variable: userdata
#0 C:\xampp\htdocs\MXPacGroup\app\Views\includes\base.php(105): CodeIgniter\Debug\Exceptions->errorHandler(8, 'Undefined varia...', 'C:\\xampp\\htdocs...', 105, Array)
#1 C:\xampp\htdocs\MXPacGroup\system\View\View.php(214): include('C:\\xampp\\htdocs...')
#2 C:\xampp\htdocs\MXPacGroup\system\View\View.php(217): CodeIgniter\View\View->CodeIgniter\View\{closure}()
#3 C:\xampp\htdocs\MXPacGroup\system\View\View.php(230): CodeIgniter\View\View->render('includes/base', Array, true)
#4 C:\xampp\htdocs\MXPacGroup\system\Common.php(1097): CodeIgniter\View\View->render('errors/custom_e...', Array, true)
#5 C:\xampp\htdocs\MXPacGroup\app\Config\Routes.php(50): view('errors/custom_e...')
#6 C:\xampp\htdocs\MXPacGroup\system\CodeIgniter.php(841): CodeIgniter\Router\RouteCollection->Config\{closure}('Controller meth...')
#7 C:\xampp\htdocs\MXPacGroup\system\CodeIgniter.php(332): CodeIgniter\CodeIgniter->display404errors(Object(CodeIgniter\Exceptions\PageNotFoundException))
#8 C:\xampp\htdocs\MXPacGroup\index.php(37): CodeIgniter\CodeIgniter->run()
#9 {main}
CRITICAL - 2021-12-21 12:35:48 --> Undefined variable: userdata
#0 C:\xampp\htdocs\MXPacGroup\app\Views\includes\base.php(105): CodeIgniter\Debug\Exceptions->errorHandler(8, 'Undefined varia...', 'C:\\xampp\\htdocs...', 105, Array)
#1 C:\xampp\htdocs\MXPacGroup\system\View\View.php(214): include('C:\\xampp\\htdocs...')
#2 C:\xampp\htdocs\MXPacGroup\system\View\View.php(217): CodeIgniter\View\View->CodeIgniter\View\{closure}()
#3 C:\xampp\htdocs\MXPacGroup\system\View\View.php(230): CodeIgniter\View\View->render('includes/base', Array, true)
#4 C:\xampp\htdocs\MXPacGroup\system\Common.php(1097): CodeIgniter\View\View->render('errors/custom_e...', Array, true)
#5 C:\xampp\htdocs\MXPacGroup\app\Config\Routes.php(50): view('errors/custom_e...')
#6 C:\xampp\htdocs\MXPacGroup\system\CodeIgniter.php(841): CodeIgniter\Router\RouteCollection->Config\{closure}('Controller meth...')
#7 C:\xampp\htdocs\MXPacGroup\system\CodeIgniter.php(332): CodeIgniter\CodeIgniter->display404errors(Object(CodeIgniter\Exceptions\PageNotFoundException))
#8 C:\xampp\htdocs\MXPacGroup\index.php(37): CodeIgniter\CodeIgniter->run()
#9 {main}
